<?xml version="1.0" encoding="utf-8"?><testsuites name="pytest tests"><testsuite name="pytest" errors="0" failures="1" skipped="0" tests="22" time="10.972" timestamp="2026-04-26T14:38:41.810674+00:00" hostname="agent-env-c6401c92-7c8f-4c58-bad4-cd6488921873"><testcase classname="backend.tests.test_iter23_p2_csv_import.TestAuthMeRoles" name="test_me_doctor" time="0.819" /><testcase classname="backend.tests.test_iter23_p2_csv_import.TestAuthMeRoles" name="test_me_receptionist" time="0.681" /><testcase classname="backend.tests.test_iter23_p2_csv_import.TestRoleAwareDashboard" name="test_dashboard_doctor_shape" time="0.917" /><testcase classname="backend.tests.test_iter23_p2_csv_import.TestRoleAwareDashboard" name="test_dashboard_receptionist_shape" time="1.125" /><testcase classname="backend.tests.test_iter23_p2_csv_import.TestRoleAwareDashboard" name="test_dashboard_clinic_admin_full_shape" time="1.994" /><testcase classname="backend.tests.test_iter23_p2_csv_import.TestCsvTemplate" name="test_template_super_admin[medications-required0]" time="0.592" /><testcase classname="backend.tests.test_iter23_p2_csv_import.TestCsvTemplate" name="test_template_super_admin[lab-studies-required1]" time="0.203" /><testcase classname="backend.tests.test_iter23_p2_csv_import.TestCsvTemplate" name="test_template_super_admin[icd10-required2]" time="0.206" /><testcase classname="backend.tests.test_iter23_p2_csv_import.TestCsvTemplate" name="test_template_unknown_catalog_400" time="0.259" /><testcase classname="backend.tests.test_iter23_p2_csv_import.TestCsvTemplate" name="test_template_403_for_clinic_admin" time="0.205" /><testcase classname="backend.tests.test_iter23_p2_csv_import.TestCsvImportMedications" name="test_dryrun_returns_stats" time="0.269" /><testcase classname="backend.tests.test_iter23_p2_csv_import.TestCsvImportMedications" name="test_commit_inserts" time="0.360" /><testcase classname="backend.tests.test_iter23_p2_csv_import.TestCsvImportMedications" name="test_recommit_dedups" time="0.298" /><testcase classname="backend.tests.test_iter23_p2_csv_import.TestCsvImportMedications" name="test_malformed_csv_returns_400" time="0.210" /><testcase classname="backend.tests.test_iter23_p2_csv_import.TestCsvImportMedications" name="test_import_403_for_clinic_admin" time="0.218" /><testcase classname="backend.tests.test_iter23_p2_csv_import.TestCsvImportLabStudies" name="test_dryrun" time="0.273" /><testcase classname="backend.tests.test_iter23_p2_csv_import.TestCsvImportLabStudies" name="test_commit" time="0.342" /><testcase classname="backend.tests.test_iter23_p2_csv_import.TestCsvImportLabStudies" name="test_malformed_missing_name" time="0.206" /><testcase classname="backend.tests.test_iter23_p2_csv_import.TestCsvImportIcd10" name="test_dryrun" time="0.298" /><testcase classname="backend.tests.test_iter23_p2_csv_import.TestCsvImportIcd10" name="test_commit_then_dedup" time="0.334"><failure message="AssertionError: {'catalog': 'icd10', 'committed': True, 'duplicates_skipped': 0, 'error_rows': 1, ...}&#10;assert 0 == 2">backend/tests/test_iter23_p2_csv_import.py:283: in test_commit_then_dedup
    assert r1.json()["imported"] == 2, r1.json()
E   AssertionError: {'catalog': 'icd10', 'committed': True, 'duplicates_skipped': 0, 'error_rows': 1, ...}
E   assert 0 == 2</failure></testcase><testcase classname="backend.tests.test_iter23_p2_csv_import.TestCsvImportIcd10" name="test_malformed_missing_required" time="0.205" /><testcase classname="backend.tests.test_iter23_p2_csv_import.TestZZ_Cleanup" name="test_cleanup_inserted_rows" time="0.826" /></testsuite></testsuites>