<?xml version="1.0" encoding="utf-8"?><testsuites name="pytest tests"><testsuite name="pytest" errors="0" failures="0" skipped="0" tests="21" time="8.561" timestamp="2026-04-26T03:07:13.865706+00:00" hostname="agent-env-c6401c92-7c8f-4c58-bad4-cd6488921873"><testcase classname="backend.tests.test_p2_p3_batch.TestAuthMe" name="test_me_clinic_admin" time="0.796" /><testcase classname="backend.tests.test_p2_p3_batch.TestAuthMe" name="test_me_super_admin" time="0.512" /><testcase classname="backend.tests.test_p2_p3_batch.TestAuthMe" name="test_me_no_token" time="0.103" /><testcase classname="backend.tests.test_p2_p3_batch.TestAuthMe" name="test_me_invalid_token" time="0.147" /><testcase classname="backend.tests.test_p2_p3_batch.TestAliases" name="test_expenses_categories_alias" time="0.543" /><testcase classname="backend.tests.test_p2_p3_batch.TestAliases" name="test_sales_dashboard_alias" time="0.664" /><testcase classname="backend.tests.test_p2_p3_batch.TestUuidValidation422" name="test_malformed_uuid_returns_422[/api/clinic/sales/not-a-uuid]" time="0.213" /><testcase classname="backend.tests.test_p2_p3_batch.TestUuidValidation422" name="test_malformed_uuid_returns_422[/api/clinic/prescriptions/not-a-uuid]" time="0.206" /><testcase classname="backend.tests.test_p2_p3_batch.TestUuidValidation422" name="test_malformed_uuid_returns_422[/api/clinic/lab-orders/not-a-uuid]" time="0.219" /><testcase classname="backend.tests.test_p2_p3_batch.TestUuidValidation422" name="test_malformed_uuid_returns_422[/api/clinic/patients/not-a-uuid]" time="0.219" /><testcase classname="backend.tests.test_p2_p3_batch.TestUuidValidation422" name="test_malformed_uuid_returns_422[/api/clinic/medical-records/not-a-uuid]" time="0.208" /><testcase classname="backend.tests.test_p2_p3_batch.TestUuidValidation422" name="test_pdf_url_malformed_uuid_returns_422[/api/clinic/lab-orders/not-a-uuid/pdf-url]" time="0.215" /><testcase classname="backend.tests.test_p2_p3_batch.TestUuidValidation422" name="test_pdf_url_malformed_uuid_returns_422[/api/clinic/prescriptions/not-a-uuid/pdf-url]" time="0.245" /><testcase classname="backend.tests.test_p2_p3_batch.TestUuidValidation404" name="test_valid_missing_uuid_returns_404[/api/clinic/sales/00000000-0000-0000-0000-000000000000]" time="0.318" /><testcase classname="backend.tests.test_p2_p3_batch.TestUuidValidation404" name="test_valid_missing_uuid_returns_404[/api/clinic/prescriptions/00000000-0000-0000-0000-000000000000]" time="0.289" /><testcase classname="backend.tests.test_p2_p3_batch.TestUuidValidation404" name="test_valid_missing_uuid_returns_404[/api/clinic/lab-orders/00000000-0000-0000-0000-000000000000]" time="0.287" /><testcase classname="backend.tests.test_p2_p3_batch.TestUuidValidation404" name="test_valid_missing_uuid_returns_404[/api/clinic/patients/00000000-0000-0000-0000-000000000000]" time="0.288" /><testcase classname="backend.tests.test_p2_p3_batch.TestUuidValidation404" name="test_valid_missing_uuid_returns_404[/api/clinic/medical-records/00000000-0000-0000-0000-000000000000]" time="0.274" /><testcase classname="backend.tests.test_p2_p3_batch.TestRegression" name="test_dashboard_200" time="1.797" /><testcase classname="backend.tests.test_p2_p3_batch.TestRegression" name="test_appointments_list_200" time="0.384" /><testcase classname="backend.tests.test_p2_p3_batch.TestRegression" name="test_sales_list_200" time="0.546" /></testsuite></testsuites>