<?xml version="1.0" encoding="utf-8"?><testsuites name="pytest tests"><testsuite name="pytest" errors="0" failures="0" skipped="0" tests="63" time="27.046" timestamp="2026-04-26T01:26:25.983388+00:00" hostname="agent-env-c6401c92-7c8f-4c58-bad4-cd6488921873"><testcase classname="tests.test_phase2_refactor_regression.TestAuth" name="test_login_super" time="0.463" /><testcase classname="tests.test_phase2_refactor_regression.TestAuth" name="test_login_clinic" time="0.357" /><testcase classname="tests.test_phase2_refactor_regression.TestAuth" name="test_login_invalid" time="0.175" /><testcase classname="tests.test_phase2_refactor_regression.TestAuth" name="test_logout" time="0.194" /><testcase classname="tests.test_phase2_refactor_regression.TestSuperAdmin" name="test_dashboard" time="0.983" /><testcase classname="tests.test_phase2_refactor_regression.TestSuperAdmin" name="test_clinics_list" time="0.772" /><testcase classname="tests.test_phase2_refactor_regression.TestSuperAdmin" name="test_users_list" time="0.812" /><testcase classname="tests.test_phase2_refactor_regression.TestSuperAdmin" name="test_dashboard_forbidden_for_clinic" time="0.252" /><testcase classname="tests.test_phase2_refactor_regression.TestCatalogs" name="test_medications" time="0.298" /><testcase classname="tests.test_phase2_refactor_regression.TestCatalogs" name="test_lab_studies" time="0.295" /><testcase classname="tests.test_phase2_refactor_regression.TestCatalogs" name="test_icd10" time="0.384" /><testcase classname="tests.test_phase2_refactor_regression.TestClinicSettings" name="test_config" time="0.357" /><testcase classname="tests.test_phase2_refactor_regression.TestClinicSettings" name="test_members" time="0.593" /><testcase classname="tests.test_phase2_refactor_regression.TestBranches" name="test_list" time="0.397" /><testcase classname="tests.test_phase2_refactor_regression.TestFeatureFlags" name="test_clinic_features" time="0.553" /><testcase classname="tests.test_phase2_refactor_regression.TestFeatureFlags" name="test_admin_features" time="0.310" /><testcase classname="tests.test_phase2_refactor_regression.TestPatients" name="test_list" time="1.062" /><testcase classname="tests.test_phase2_refactor_regression.TestPatients" name="test_search" time="0.325" /><testcase classname="tests.test_phase2_refactor_regression.TestPatients" name="test_get_invalid" time="0.322" /><testcase classname="tests.test_phase2_refactor_regression.TestAppointments" name="test_list" time="0.685" /><testcase classname="tests.test_phase2_refactor_regression.TestMedicalRecords" name="test_templates" time="0.359" /><testcase classname="tests.test_phase2_refactor_regression.TestMedicalRecords" name="test_records_for_patient_list" time="1.750" /><testcase classname="tests.test_phase2_refactor_regression.TestPrescriptions" name="test_list" time="1.133" /><testcase classname="tests.test_phase2_refactor_regression.TestLabOrders" name="test_list" time="1.405" /><testcase classname="tests.test_phase2_refactor_regression.TestGoogleCalendar" name="test_status" time="0.280" /><testcase classname="tests.test_phase2_refactor_regression.TestInventory" name="test_products" time="0.491" /><testcase classname="tests.test_phase2_refactor_regression.TestInventory" name="test_categories" time="0.279" /><testcase classname="tests.test_phase2_refactor_regression.TestInventory" name="test_stock" time="0.639" /><testcase classname="tests.test_phase2_refactor_regression.TestInventory" name="test_alerts" time="0.590" /><testcase classname="tests.test_phase2_refactor_regression.TestSales" name="test_list" time="1.457" /><testcase classname="tests.test_phase2_refactor_regression.TestSales" name="test_daily_summary" time="0.340" /><testcase classname="tests.test_phase2_refactor_regression.TestAR" name="test_list" time="0.763" /><testcase classname="tests.test_phase2_refactor_regression.TestAR" name="test_dashboard" time="0.296" /><testcase classname="tests.test_phase2_refactor_regression.TestExpenses" name="test_list" time="0.405" /><testcase classname="tests.test_phase2_refactor_regression.TestExpenses" name="test_dashboard" time="0.304" /><testcase classname="tests.test_phase2_refactor_regression.TestExpenses" name="test_by_category" time="0.281" /><testcase classname="tests.test_phase2_refactor_regression.TestCommissions" name="test_dashboard" time="0.344" /><testcase classname="tests.test_phase2_refactor_regression.TestCommissions" name="test_settings" time="0.278" /><testcase classname="tests.test_phase2_refactor_regression.TestReports" name="test_executive_summary" time="2.271" /><testcase classname="tests.test_phase2_refactor_regression.TestReports" name="test_sales_report" time="0.107" /><testcase classname="tests.test_phase2_refactor_regression.TestReports" name="test_expenses_vs_revenue" time="0.116" /><testcase classname="tests.test_phase2_refactor_regression.TestReports" name="test_income_statement" time="0.133" /><testcase classname="tests.test_phase2_refactor_regression.TestHealth" name="test_health" time="0.124" /><testcase classname="tests.test_phase2_refactor_regression.TestHealth" name="test_root" time="0.098" /><testcase classname="tests.test_dashboard_prompt_a9.TestDashboardSchema" name="test_status_200" time="3.115" /><testcase classname="tests.test_dashboard_prompt_a9.TestDashboardSchema" name="test_new_fields_present" time="0.000" /><testcase classname="tests.test_dashboard_prompt_a9.TestDashboardSchema" name="test_legacy_fields_preserved" time="0.000" /><testcase classname="tests.test_dashboard_prompt_a9.TestDashboardSchema" name="test_role_is_clinic_admin" time="0.000" /><testcase classname="tests.test_dashboard_prompt_a9.TestDashboardSchema" name="test_features_is_list" time="0.000" /><testcase classname="tests.test_dashboard_prompt_a9.TestAdminStats" name="test_admin_stats_shape" time="0.000" /><testcase classname="tests.test_dashboard_prompt_a9.TestAdminStats" name="test_admin_stats_numeric" time="0.000" /><testcase classname="tests.test_dashboard_prompt_a9.TestAdminStats" name="test_admin_stats_non_negative" time="0.000" /><testcase classname="tests.test_dashboard_prompt_a9.TestAlerts" name="test_alerts_is_list" time="0.000" /><testcase classname="tests.test_dashboard_prompt_a9.TestAlerts" name="test_alert_item_shape" time="0.000" /><testcase classname="tests.test_dashboard_prompt_a9.TestIncomeChart" name="test_income_chart_present" time="0.000" /><testcase classname="tests.test_dashboard_prompt_a9.TestIncomeChart" name="test_income_chart_item_shape" time="0.000" /><testcase classname="tests.test_dashboard_prompt_a9.TestIncomeChart" name="test_income_chart_starts_at_month_start_and_includes_today" time="0.000" /><testcase classname="tests.test_dashboard_prompt_a9.TestMyCommissions" name="test_my_commissions_none_for_admin" time="0.000" /><testcase classname="tests.test_dashboard_prompt_a9.TestRegression" name="test_today_appointments_is_list" time="0.000" /><testcase classname="tests.test_dashboard_prompt_a9.TestRegression" name="test_today_count_matches_list" time="0.000" /><testcase classname="tests.test_dashboard_prompt_a9.TestRegression" name="test_recent_patients_list" time="0.000" /><testcase classname="tests.test_dashboard_prompt_a9.TestRegression" name="test_activity_list_for_admin" time="0.000" /><testcase classname="tests.test_dashboard_prompt_a9.TestRegression" name="test_current_member_has_role" time="0.000" /></testsuite></testsuites>