<?xml version="1.0" encoding="utf-8"?><testsuites name="pytest tests"><testsuite name="pytest" errors="0" failures="0" skipped="0" tests="117" time="60.545" timestamp="2026-04-26T15:27:36.275448+00:00" hostname="agent-env-c6401c92-7c8f-4c58-bad4-cd6488921873"><testcase classname="backend.tests.test_iter23_p2_csv_import.TestAuthMeRoles" name="test_me_doctor" time="0.731" /><testcase classname="backend.tests.test_iter23_p2_csv_import.TestAuthMeRoles" name="test_me_receptionist" time="0.583" /><testcase classname="backend.tests.test_iter23_p2_csv_import.TestRoleAwareDashboard" name="test_dashboard_doctor_shape" time="0.777" /><testcase classname="backend.tests.test_iter23_p2_csv_import.TestRoleAwareDashboard" name="test_dashboard_receptionist_shape" time="0.993" /><testcase classname="backend.tests.test_iter23_p2_csv_import.TestRoleAwareDashboard" name="test_dashboard_clinic_admin_full_shape" time="1.847" /><testcase classname="backend.tests.test_iter23_p2_csv_import.TestCsvTemplate" name="test_template_super_admin[medications-required0]" time="0.511" /><testcase classname="backend.tests.test_iter23_p2_csv_import.TestCsvTemplate" name="test_template_super_admin[lab-studies-required1]" time="0.215" /><testcase classname="backend.tests.test_iter23_p2_csv_import.TestCsvTemplate" name="test_template_super_admin[icd10-required2]" time="0.209" /><testcase classname="backend.tests.test_iter23_p2_csv_import.TestCsvTemplate" name="test_template_unknown_catalog_400" time="0.249" /><testcase classname="backend.tests.test_iter23_p2_csv_import.TestCsvTemplate" name="test_template_403_for_clinic_admin" time="0.337" /><testcase classname="backend.tests.test_iter23_p2_csv_import.TestCsvImportMedications" name="test_dryrun_returns_stats" time="0.271" /><testcase classname="backend.tests.test_iter23_p2_csv_import.TestCsvImportMedications" name="test_commit_inserts" time="1.016" /><testcase classname="backend.tests.test_iter23_p2_csv_import.TestCsvImportMedications" name="test_recommit_dedups" time="1.084" /><testcase classname="backend.tests.test_iter23_p2_csv_import.TestCsvImportMedications" name="test_malformed_csv_returns_400" time="1.152" /><testcase classname="backend.tests.test_iter23_p2_csv_import.TestCsvImportMedications" name="test_import_403_for_clinic_admin" time="1.053" /><testcase classname="backend.tests.test_iter23_p2_csv_import.TestCsvImportLabStudies" name="test_dryrun" time="0.284" /><testcase classname="backend.tests.test_iter23_p2_csv_import.TestCsvImportLabStudies" name="test_commit" time="0.310" /><testcase classname="backend.tests.test_iter23_p2_csv_import.TestCsvImportLabStudies" name="test_malformed_missing_name" time="0.214" /><testcase classname="backend.tests.test_iter23_p2_csv_import.TestCsvImportIcd10" name="test_dryrun" time="0.262" /><testcase classname="backend.tests.test_iter23_p2_csv_import.TestCsvImportIcd10" name="test_commit_then_dedup" time="0.641" /><testcase classname="backend.tests.test_iter23_p2_csv_import.TestCsvImportIcd10" name="test_malformed_missing_required" time="0.220" /><testcase classname="backend.tests.test_iter23_p2_csv_import.TestZZ_Cleanup" name="test_cleanup_inserted_rows" time="0.847" /><testcase classname="backend.tests.test_p2_p3_batch.TestAuthMe" name="test_me_clinic_admin" time="0.694" /><testcase classname="backend.tests.test_p2_p3_batch.TestAuthMe" name="test_me_super_admin" time="0.517" /><testcase classname="backend.tests.test_p2_p3_batch.TestAuthMe" name="test_me_no_token" time="0.117" /><testcase classname="backend.tests.test_p2_p3_batch.TestAuthMe" name="test_me_invalid_token" time="0.175" /><testcase classname="backend.tests.test_p2_p3_batch.TestAliases" name="test_expenses_categories_alias" time="0.527" /><testcase classname="backend.tests.test_p2_p3_batch.TestAliases" name="test_sales_dashboard_alias" time="0.639" /><testcase classname="backend.tests.test_p2_p3_batch.TestUuidValidation422" name="test_malformed_uuid_returns_422[/api/clinic/sales/not-a-uuid]" time="0.216" /><testcase classname="backend.tests.test_p2_p3_batch.TestUuidValidation422" name="test_malformed_uuid_returns_422[/api/clinic/prescriptions/not-a-uuid]" time="0.201" /><testcase classname="backend.tests.test_p2_p3_batch.TestUuidValidation422" name="test_malformed_uuid_returns_422[/api/clinic/lab-orders/not-a-uuid]" time="0.241" /><testcase classname="backend.tests.test_p2_p3_batch.TestUuidValidation422" name="test_malformed_uuid_returns_422[/api/clinic/patients/not-a-uuid]" time="0.203" /><testcase classname="backend.tests.test_p2_p3_batch.TestUuidValidation422" name="test_malformed_uuid_returns_422[/api/clinic/medical-records/not-a-uuid]" time="0.209" /><testcase classname="backend.tests.test_p2_p3_batch.TestUuidValidation422" name="test_pdf_url_malformed_uuid_returns_422[/api/clinic/lab-orders/not-a-uuid/pdf-url]" time="0.213" /><testcase classname="backend.tests.test_p2_p3_batch.TestUuidValidation422" name="test_pdf_url_malformed_uuid_returns_422[/api/clinic/prescriptions/not-a-uuid/pdf-url]" time="0.475" /><testcase classname="backend.tests.test_p2_p3_batch.TestUuidValidation404" name="test_valid_missing_uuid_returns_404[/api/clinic/sales/00000000-0000-0000-0000-000000000000]" time="0.250" /><testcase classname="backend.tests.test_p2_p3_batch.TestUuidValidation404" name="test_valid_missing_uuid_returns_404[/api/clinic/prescriptions/00000000-0000-0000-0000-000000000000]" time="0.274" /><testcase classname="backend.tests.test_p2_p3_batch.TestUuidValidation404" name="test_valid_missing_uuid_returns_404[/api/clinic/lab-orders/00000000-0000-0000-0000-000000000000]" time="0.276" /><testcase classname="backend.tests.test_p2_p3_batch.TestUuidValidation404" name="test_valid_missing_uuid_returns_404[/api/clinic/patients/00000000-0000-0000-0000-000000000000]" time="0.250" /><testcase classname="backend.tests.test_p2_p3_batch.TestUuidValidation404" name="test_valid_missing_uuid_returns_404[/api/clinic/medical-records/00000000-0000-0000-0000-000000000000]" time="0.247" /><testcase classname="backend.tests.test_p2_p3_batch.TestRegression" name="test_dashboard_200" time="1.485" /><testcase classname="backend.tests.test_p2_p3_batch.TestRegression" name="test_appointments_list_200" time="0.353" /><testcase classname="backend.tests.test_p2_p3_batch.TestRegression" name="test_sales_list_200" time="0.475" /><testcase classname="backend.tests.test_branch_filter_p1.TestAppointmentsBranchFilter" name="test_list_appointments_no_branch_filter" time="0.804" /><testcase classname="backend.tests.test_branch_filter_p1.TestAppointmentsBranchFilter" name="test_list_appointments_with_branch_id" time="0.350" /><testcase classname="backend.tests.test_branch_filter_p1.TestAppointmentsBranchFilter" name="test_list_appointments_other_branch" time="0.339" /><testcase classname="backend.tests.test_branch_filter_p1.TestAppointmentsBranchFilter" name="test_create_appointment_with_branch_id_persists" time="4.301" /><testcase classname="backend.tests.test_branch_filter_p1.TestAppointmentsBranchFilter" name="test_create_appointment_without_branch_id_backwards_compat" time="0.899" /><testcase classname="backend.tests.test_branch_filter_p1.TestInventorySalesBranchFilter" name="test_inventory_stock_with_branch_id" time="0.826" /><testcase classname="backend.tests.test_branch_filter_p1.TestInventorySalesBranchFilter" name="test_inventory_movements_with_branch_id" time="1.791" /><testcase classname="backend.tests.test_branch_filter_p1.TestInventorySalesBranchFilter" name="test_sales_daily_summary_with_branch_id" time="0.310" /><testcase classname="backend.tests.test_branch_filter_p1.TestInventorySalesBranchFilter" name="test_sales_list_with_branch_id" time="0.499" /><testcase classname="backend.tests.test_branch_filter_p1.TestInventorySalesBranchFilter" name="test_cash_sessions_with_branch_id" time="2.657" /><testcase classname="backend.tests.test_branch_filter_p1.TestInventorySalesBranchFilter" name="test_cash_registers_with_branch_id" time="0.647" /><testcase classname="backend.tests.test_phase2_refactor_regression.TestAuth" name="test_login_super" time="0.342" /><testcase classname="backend.tests.test_phase2_refactor_regression.TestAuth" name="test_login_clinic" time="0.350" /><testcase classname="backend.tests.test_phase2_refactor_regression.TestAuth" name="test_login_invalid" time="0.158" /><testcase classname="backend.tests.test_phase2_refactor_regression.TestAuth" name="test_logout" time="0.176" /><testcase classname="backend.tests.test_phase2_refactor_regression.TestSuperAdmin" name="test_dashboard" time="1.173" /><testcase classname="backend.tests.test_phase2_refactor_regression.TestSuperAdmin" name="test_clinics_list" time="0.994" /><testcase classname="backend.tests.test_phase2_refactor_regression.TestSuperAdmin" name="test_users_list" time="1.167" /><testcase classname="backend.tests.test_phase2_refactor_regression.TestSuperAdmin" name="test_dashboard_forbidden_for_clinic" time="0.214" /><testcase classname="backend.tests.test_phase2_refactor_regression.TestCatalogs" name="test_medications" time="0.260" /><testcase classname="backend.tests.test_phase2_refactor_regression.TestCatalogs" name="test_lab_studies" time="0.273" /><testcase classname="backend.tests.test_phase2_refactor_regression.TestCatalogs" name="test_icd10" time="0.330" /><testcase classname="backend.tests.test_phase2_refactor_regression.TestClinicSettings" name="test_config" time="0.348" /><testcase classname="backend.tests.test_phase2_refactor_regression.TestClinicSettings" name="test_members" time="0.789" /><testcase classname="backend.tests.test_phase2_refactor_regression.TestBranches" name="test_list" time="0.372" /><testcase classname="backend.tests.test_phase2_refactor_regression.TestFeatureFlags" name="test_clinic_features" time="0.553" /><testcase classname="backend.tests.test_phase2_refactor_regression.TestFeatureFlags" name="test_admin_features" time="0.299" /><testcase classname="backend.tests.test_phase2_refactor_regression.TestPatients" name="test_list" time="0.760" /><testcase classname="backend.tests.test_phase2_refactor_regression.TestPatients" name="test_search" time="0.259" /><testcase classname="backend.tests.test_phase2_refactor_regression.TestPatients" name="test_get_invalid" time="0.259" /><testcase classname="backend.tests.test_phase2_refactor_regression.TestAppointments" name="test_list" time="0.426" /><testcase classname="backend.tests.test_phase2_refactor_regression.TestMedicalRecords" name="test_templates" time="0.317" /><testcase classname="backend.tests.test_phase2_refactor_regression.TestMedicalRecords" name="test_records_for_patient_list" time="2.836" /><testcase classname="backend.tests.test_phase2_refactor_regression.TestPrescriptions" name="test_list" time="1.034" /><testcase classname="backend.tests.test_phase2_refactor_regression.TestLabOrders" name="test_list" time="1.022" /><testcase classname="backend.tests.test_phase2_refactor_regression.TestGoogleCalendar" name="test_status" time="0.266" /><testcase classname="backend.tests.test_phase2_refactor_regression.TestInventory" name="test_products" time="0.536" /><testcase classname="backend.tests.test_phase2_refactor_regression.TestInventory" name="test_categories" time="0.260" /><testcase classname="backend.tests.test_phase2_refactor_regression.TestInventory" name="test_stock" time="0.853" /><testcase classname="backend.tests.test_phase2_refactor_regression.TestInventory" name="test_alerts" time="0.656" /><testcase classname="backend.tests.test_phase2_refactor_regression.TestSales" name="test_list" time="0.448" /><testcase classname="backend.tests.test_phase2_refactor_regression.TestSales" name="test_daily_summary" time="0.343" /><testcase classname="backend.tests.test_phase2_refactor_regression.TestAR" name="test_list" time="0.769" /><testcase classname="backend.tests.test_phase2_refactor_regression.TestAR" name="test_dashboard" time="0.264" /><testcase classname="backend.tests.test_phase2_refactor_regression.TestExpenses" name="test_list" time="0.364" /><testcase classname="backend.tests.test_phase2_refactor_regression.TestExpenses" name="test_dashboard" time="0.262" /><testcase classname="backend.tests.test_phase2_refactor_regression.TestExpenses" name="test_by_category" time="0.279" /><testcase classname="backend.tests.test_phase2_refactor_regression.TestCommissions" name="test_dashboard" time="0.310" /><testcase classname="backend.tests.test_phase2_refactor_regression.TestCommissions" name="test_settings" time="0.297" /><testcase classname="backend.tests.test_phase2_refactor_regression.TestReports" name="test_executive_summary" time="1.946" /><testcase classname="backend.tests.test_phase2_refactor_regression.TestReports" name="test_sales_report" time="0.135" /><testcase classname="backend.tests.test_phase2_refactor_regression.TestReports" name="test_expenses_vs_revenue" time="0.106" /><testcase classname="backend.tests.test_phase2_refactor_regression.TestReports" name="test_income_statement" time="0.139" /><testcase classname="backend.tests.test_phase2_refactor_regression.TestHealth" name="test_health" time="0.112" /><testcase classname="backend.tests.test_phase2_refactor_regression.TestHealth" name="test_root" time="0.109" /><testcase classname="backend.tests.test_dashboard_prompt_a9.TestDashboardSchema" name="test_status_200" time="1.984" /><testcase classname="backend.tests.test_dashboard_prompt_a9.TestDashboardSchema" name="test_new_fields_present" time="0.000" /><testcase classname="backend.tests.test_dashboard_prompt_a9.TestDashboardSchema" name="test_legacy_fields_preserved" time="0.000" /><testcase classname="backend.tests.test_dashboard_prompt_a9.TestDashboardSchema" name="test_role_is_clinic_admin" time="0.000" /><testcase classname="backend.tests.test_dashboard_prompt_a9.TestDashboardSchema" name="test_features_is_list" time="0.000" /><testcase classname="backend.tests.test_dashboard_prompt_a9.TestAdminStats" name="test_admin_stats_shape" time="0.000" /><testcase classname="backend.tests.test_dashboard_prompt_a9.TestAdminStats" name="test_admin_stats_numeric" time="0.000" /><testcase classname="backend.tests.test_dashboard_prompt_a9.TestAdminStats" name="test_admin_stats_non_negative" time="0.000" /><testcase classname="backend.tests.test_dashboard_prompt_a9.TestAlerts" name="test_alerts_is_list" time="0.000" /><testcase classname="backend.tests.test_dashboard_prompt_a9.TestAlerts" name="test_alert_item_shape" time="0.000" /><testcase classname="backend.tests.test_dashboard_prompt_a9.TestIncomeChart" name="test_income_chart_present" time="0.000" /><testcase classname="backend.tests.test_dashboard_prompt_a9.TestIncomeChart" name="test_income_chart_item_shape" time="0.000" /><testcase classname="backend.tests.test_dashboard_prompt_a9.TestIncomeChart" name="test_income_chart_starts_at_month_start_and_includes_today" time="0.000" /><testcase classname="backend.tests.test_dashboard_prompt_a9.TestMyCommissions" name="test_my_commissions_none_for_admin" time="0.000" /><testcase classname="backend.tests.test_dashboard_prompt_a9.TestRegression" name="test_today_appointments_is_list" time="0.000" /><testcase classname="backend.tests.test_dashboard_prompt_a9.TestRegression" name="test_today_count_matches_list" time="0.000" /><testcase classname="backend.tests.test_dashboard_prompt_a9.TestRegression" name="test_recent_patients_list" time="0.000" /><testcase classname="backend.tests.test_dashboard_prompt_a9.TestRegression" name="test_activity_list_for_admin" time="0.000" /><testcase classname="backend.tests.test_dashboard_prompt_a9.TestRegression" name="test_current_member_has_role" time="0.000" /></testsuite></testsuites>