<?xml version="1.0" encoding="utf-8"?><testsuites name="pytest tests"><testsuite name="pytest" errors="0" failures="0" skipped="0" tests="12" time="30.242" timestamp="2026-09-23T22:02:31.698431+00:00" hostname="agent-env-c6401c92-7c8f-4c58-bad4-cd6488921873"><testcase classname="backend.tests.test_iter28_roles_and_agenda_blocks.TestAgendaBlocks" name="test_doctor_scope_blocks_all_branches" time="2.845" /><testcase classname="backend.tests.test_iter28_roles_and_agenda_blocks.TestAgendaBlocks" name="test_branch_scope_only_blocks_that_branch" time="2.859" /><testcase classname="backend.tests.test_iter28_roles_and_agenda_blocks.TestAgendaBlocks" name="test_invalid_block_payloads" time="0.406" /><testcase classname="backend.tests.test_iter28_roles_and_agenda_blocks.TestRolesCRUD" name="test_list_roles_has_five_system_roles" time="0.367" /><testcase classname="backend.tests.test_iter28_roles_and_agenda_blocks.TestRolesCRUD" name="test_create_update_delete_custom_role" time="1.402" /><testcase classname="backend.tests.test_iter28_roles_and_agenda_blocks.TestRolesCRUD" name="test_cannot_edit_clinic_admin" time="0.659" /><testcase classname="backend.tests.test_iter28_roles_and_agenda_blocks.TestRolesCRUD" name="test_cannot_delete_system_role" time="0.591" /><testcase classname="backend.tests.test_iter28_roles_and_agenda_blocks.TestRolesCRUD" name="test_cannot_delete_role_with_members" time="1.488" /><testcase classname="backend.tests.test_iter28_roles_and_agenda_blocks.TestDynamicRoleEnforcement" name="test_assign_agenda_only_role_and_enforce" time="4.613" /><testcase classname="backend.tests.test_iter28_roles_and_agenda_blocks.TestStaticEnforcement" name="test_doctor_carlos_module_gating" time="4.932" /><testcase classname="backend.tests.test_iter28_roles_and_agenda_blocks.TestStaticEnforcement" name="test_admin_full_access" time="8.012" /><testcase classname="backend.tests.test_iter28_roles_and_agenda_blocks.TestStaticEnforcement" name="test_doctor_cannot_access_roles_admin" time="1.986" /></testsuite></testsuites>