<?xml version="1.0" encoding="utf-8"?><testsuites name="pytest tests"><testsuite name="pytest" errors="0" failures="0" skipped="0" tests="11" time="16.358" timestamp="2026-04-26T01:26:04.213576+00:00" hostname="agent-env-c6401c92-7c8f-4c58-bad4-cd6488921873"><testcase classname="tests.test_branch_filter_p1.TestAppointmentsBranchFilter" name="test_list_appointments_no_branch_filter" time="1.139" /><testcase classname="tests.test_branch_filter_p1.TestAppointmentsBranchFilter" name="test_list_appointments_with_branch_id" time="0.396" /><testcase classname="tests.test_branch_filter_p1.TestAppointmentsBranchFilter" name="test_list_appointments_other_branch" time="0.289" /><testcase classname="tests.test_branch_filter_p1.TestAppointmentsBranchFilter" name="test_create_appointment_with_branch_id_persists" time="3.178" /><testcase classname="tests.test_branch_filter_p1.TestAppointmentsBranchFilter" name="test_create_appointment_without_branch_id_backwards_compat" time="0.828" /><testcase classname="tests.test_branch_filter_p1.TestInventorySalesBranchFilter" name="test_inventory_stock_with_branch_id" time="0.581" /><testcase classname="tests.test_branch_filter_p1.TestInventorySalesBranchFilter" name="test_inventory_movements_with_branch_id" time="1.042" /><testcase classname="tests.test_branch_filter_p1.TestInventorySalesBranchFilter" name="test_sales_daily_summary_with_branch_id" time="0.319" /><testcase classname="tests.test_branch_filter_p1.TestInventorySalesBranchFilter" name="test_sales_list_with_branch_id" time="6.252" /><testcase classname="tests.test_branch_filter_p1.TestInventorySalesBranchFilter" name="test_cash_sessions_with_branch_id" time="1.756" /><testcase classname="tests.test_branch_filter_p1.TestInventorySalesBranchFilter" name="test_cash_registers_with_branch_id" time="0.503" /></testsuite></testsuites>