<?xml version="1.0" encoding="utf-8"?><testsuites name="pytest tests"><testsuite name="pytest" errors="0" failures="0" skipped="0" tests="124" time="172.092" timestamp="2026-04-26T00:15:27.813356+00:00" hostname="agent-env-c6401c92-7c8f-4c58-bad4-cd6488921873"><testcase classname="backend.tests.test_inventory.TestFeatureFlag" name="test_inventory_feature_enabled" time="1.109" /><testcase classname="backend.tests.test_inventory.TestCategories" name="test_list_categories" time="0.311" /><testcase classname="backend.tests.test_inventory.TestCategories" name="test_create_category" time="0.525" /><testcase classname="backend.tests.test_inventory.TestProducts" name="test_list_products" time="0.382" /><testcase classname="backend.tests.test_inventory.TestProducts" name="test_create_product" time="0.277" /><testcase classname="backend.tests.test_inventory.TestProducts" name="test_get_product_in_list" time="0.380" /><testcase classname="backend.tests.test_inventory.TestProducts" name="test_update_product" time="0.687" /><testcase classname="backend.tests.test_inventory.TestProducts" name="test_search_products" time="0.259" /><testcase classname="backend.tests.test_inventory.TestStock" name="test_list_stock" time="0.365" /><testcase classname="backend.tests.test_inventory.TestStock" name="test_list_stock_filter_branch" time="0.723" /><testcase classname="backend.tests.test_inventory.TestStock" name="test_adjust_stock" time="0.827" /><testcase classname="backend.tests.test_inventory.TestStock" name="test_alerts_structure" time="0.481" /><testcase classname="backend.tests.test_inventory.TestMovements" name="test_list_movements" time="0.581" /><testcase classname="backend.tests.test_inventory.TestMovements" name="test_filter_by_type_adjustment" time="0.419" /><testcase classname="backend.tests.test_inventory.TestMovements" name="test_filter_by_branch" time="0.594" /><testcase classname="backend.tests.test_inventory.TestSuppliers" name="test_list_suppliers" time="0.267" /><testcase classname="backend.tests.test_inventory.TestSuppliers" name="test_create_supplier" time="0.267" /><testcase classname="backend.tests.test_inventory.TestSuppliers" name="test_supplier_in_list" time="0.264" /><testcase classname="backend.tests.test_inventory.TestSuppliers" name="test_update_supplier" time="0.528" /><testcase classname="backend.tests.test_inventory.TestPurchaseOrders" name="test_create_pending_po_no_stock_change" time="1.277" /><testcase classname="backend.tests.test_inventory.TestPurchaseOrders" name="test_create_received_po_increases_stock" time="2.126" /><testcase classname="backend.tests.test_inventory.TestPurchaseOrders" name="test_list_purchase_orders" time="0.943" /><testcase classname="backend.tests.test_inventory.TestPurchaseOrders" name="test_filter_purchase_orders_by_status" time="0.614" /><testcase classname="backend.tests.test_inventory.TestAuth" name="test_inventory_requires_auth" time="0.141" /><testcase classname="backend.tests.test_sales.TestFeature" name="test_sales_feature_enabled" time="0.934" /><testcase classname="backend.tests.test_sales.TestServices" name="test_create_service" time="0.284" /><testcase classname="backend.tests.test_sales.TestServices" name="test_create_service_2" time="0.283" /><testcase classname="backend.tests.test_sales.TestServices" name="test_list_services" time="0.286" /><testcase classname="backend.tests.test_sales.TestServices" name="test_update_service" time="28.356" /><testcase classname="backend.tests.test_sales.TestCashRegisters" name="test_create_register_requires_branch" time="0.359" /><testcase classname="backend.tests.test_sales.TestCashRegisters" name="test_create_register" time="0.679" /><testcase classname="backend.tests.test_sales.TestCashRegisters" name="test_list_registers" time="0.511" /><testcase classname="backend.tests.test_sales.TestCashSession" name="test_no_current_session_initially" time="0.864" /><testcase classname="backend.tests.test_sales.TestCashSession" name="test_open_session_requires_register" time="0.234" /><testcase classname="backend.tests.test_sales.TestCashSession" name="test_open_session" time="0.320" /><testcase classname="backend.tests.test_sales.TestCashSession" name="test_double_open_blocked" time="0.267" /><testcase classname="backend.tests.test_sales.TestCashSession" name="test_get_current_session" time="0.392" /><testcase classname="backend.tests.test_sales.TestSales" name="test_create_sale_cash_exact" time="1.049" /><testcase classname="backend.tests.test_sales.TestSales" name="test_create_sale_partial_pending" time="1.131" /><testcase classname="backend.tests.test_sales.TestSales" name="test_create_sale_credit_card_only" time="1.093" /><testcase classname="backend.tests.test_sales.TestSales" name="test_create_sale_mixed_cash_creditcard_transfer" time="1.416" /><testcase classname="backend.tests.test_sales.TestSales" name="test_create_sale_invalid_payment_method_card" time="2.549" /><testcase classname="backend.tests.test_sales.TestSales" name="test_create_sale_invalid_payment_method_bogus" time="0.245" /><testcase classname="backend.tests.test_sales.TestSales" name="test_create_sale_requires_items" time="0.237" /><testcase classname="backend.tests.test_sales.TestSales" name="test_get_sale_detail" time="0.439" /><testcase classname="backend.tests.test_sales.TestSales" name="test_list_sales_today" time="1.158" /><testcase classname="backend.tests.test_sales.TestSales" name="test_daily_summary" time="0.322" /><testcase classname="backend.tests.test_sales.TestSales" name="test_cancel_sale" time="0.824" /><testcase classname="backend.tests.test_sales.TestSales" name="test_cancel_already_cancelled" time="0.294" /><testcase classname="backend.tests.test_sales.TestSales" name="test_pdf_url" time="2.733" /><testcase classname="backend.tests.test_sales.TestCloseSession" name="test_summary" time="28.035" /><testcase classname="backend.tests.test_sales.TestCloseSession" name="test_close_session" time="1.005" /><testcase classname="backend.tests.test_sales.TestCloseSession" name="test_close_session_already_closed" time="0.279" /><testcase classname="backend.tests.test_sales.TestCloseSession" name="test_current_after_close" time="0.269" /><testcase classname="backend.tests.test_sales.TestAuth" name="test_requires_auth" time="0.112" /><testcase classname="backend.tests.test_accounts_receivable.TestSaleCreatesAR" name="test_create_sale_with_balance_creates_ar" time="5.035" /><testcase classname="backend.tests.test_accounts_receivable.TestDashboard" name="test_dashboard_keys" time="0.326" /><testcase classname="backend.tests.test_accounts_receivable.TestAging" name="test_aging_buckets" time="0.258" /><testcase classname="backend.tests.test_accounts_receivable.TestList" name="test_list_default" time="0.594" /><testcase classname="backend.tests.test_accounts_receivable.TestList" name="test_list_filter_status_pending" time="0.407" /><testcase classname="backend.tests.test_accounts_receivable.TestList" name="test_list_only_overdue_no_crash" time="0.376" /><testcase classname="backend.tests.test_accounts_receivable.TestList" name="test_list_search" time="0.592" /><testcase classname="backend.tests.test_accounts_receivable.TestDetail" name="test_detail_has_sale_and_payments" time="0.563" /><testcase classname="backend.tests.test_accounts_receivable.TestRegisterPayment" name="test_invalid_method_card" time="0.205" /><testcase classname="backend.tests.test_accounts_receivable.TestRegisterPayment" name="test_invalid_method_bogus" time="0.205" /><testcase classname="backend.tests.test_accounts_receivable.TestRegisterPayment" name="test_invalid_amount_zero" time="0.218" /><testcase classname="backend.tests.test_accounts_receivable.TestRegisterPayment" name="test_register_partial_payment_syncs_sale" time="1.504" /><testcase classname="backend.tests.test_accounts_receivable.TestPaymentPlan" name="test_plan_min_installments" time="0.212" /><testcase classname="backend.tests.test_accounts_receivable.TestPaymentPlan" name="test_plan_missing_first_due" time="0.218" /><testcase classname="backend.tests.test_accounts_receivable.TestPaymentPlan" name="test_plan_create_3_monthly" time="1.172" /><testcase classname="backend.tests.test_accounts_receivable.TestInstallments" name="test_list_pending_installments" time="1.220" /><testcase classname="backend.tests.test_expenses.TestExpensesDashboard" name="test_dashboard_keys" time="0.723" /><testcase classname="backend.tests.test_expenses.TestExpensesList" name="test_list_basic" time="0.380" /><testcase classname="backend.tests.test_expenses.TestExpensesList" name="test_list_filter_category" time="0.366" /><testcase classname="backend.tests.test_expenses.TestExpensesCreateValidation" name="test_create_invalid_category" time="0.216" /><testcase classname="backend.tests.test_expenses.TestExpensesCreateValidation" name="test_create_invalid_payment_method" time="0.219" /><testcase classname="backend.tests.test_expenses.TestExpensesCreateValidation" name="test_create_invalid_payment_status" time="0.241" /><testcase classname="backend.tests.test_expenses.TestExpensesCreateValidation" name="test_create_missing_description" time="0.212" /><testcase classname="backend.tests.test_expenses.TestExpensesFullFlow" name="test_create_with_total_calc" time="0.261" /><testcase classname="backend.tests.test_expenses.TestExpensesFullFlow" name="test_appears_in_list" time="0.344" /><testcase classname="backend.tests.test_expenses.TestExpensesFullFlow" name="test_update_recomputes_total" time="0.633" /><testcase classname="backend.tests.test_expenses.TestExpensesFullFlow" name="test_upload_attachment" time="30.768" /><testcase classname="backend.tests.test_expenses.TestExpensesFullFlow" name="test_get_attachment_signed_url" time="0.715" /><testcase classname="backend.tests.test_expenses.TestExpensesFullFlow" name="test_delete_cleanup" time="0.249" /><testcase classname="backend.tests.test_expenses.TestExpensesReports" name="test_by_category_format" time="0.259" /><testcase classname="backend.tests.test_expenses.TestExpensesReports" name="test_by_supplier_format" time="0.270" /><testcase classname="backend.tests.test_commissions.TestFeature" name="test_commissions_feature_enabled" time="0.851" /><testcase classname="backend.tests.test_commissions.TestSettingsCRUD" name="test_create_rule_invalid_applies_to" time="0.629" /><testcase classname="backend.tests.test_commissions.TestSettingsCRUD" name="test_create_rule_invalid_calc_type" time="0.204" /><testcase classname="backend.tests.test_commissions.TestSettingsCRUD" name="test_create_rule_service_without_service_id" time="0.214" /><testcase classname="backend.tests.test_commissions.TestSettingsCRUD" name="test_create_rule_product_without_product_id" time="0.290" /><testcase classname="backend.tests.test_commissions.TestSettingsCRUD" name="test_create_rule_all_consultations_30pct" time="0.524" /><testcase classname="backend.tests.test_commissions.TestSettingsCRUD" name="test_list_settings_has_doctor_name" time="0.310" /><testcase classname="backend.tests.test_commissions.TestSettingsCRUD" name="test_toggle_active_via_put" time="0.943" /><testcase classname="backend.tests.test_commissions.TestAutoCalc" name="test_sale_with_doctor_creates_commission" time="4.229" /><testcase classname="backend.tests.test_commissions.TestAutoCalc" name="test_sale_without_doctor_no_commission" time="2.214" /><testcase classname="backend.tests.test_commissions.TestDashboard" name="test_dashboard_totals" time="0.314" /><testcase classname="backend.tests.test_commissions.TestPay" name="test_pay_commission" time="0.323" /><testcase classname="backend.tests.test_commissions.TestPay" name="test_double_pay_rejected" time="0.619" /><testcase classname="backend.tests.test_commissions.TestPay" name="test_pay_empty_ids" time="0.215" /><testcase classname="backend.tests.test_commissions.TestPay" name="test_paid_visible_after" time="0.745" /><testcase classname="backend.tests.test_commissions.TestReportPDF" name="test_pdf_url_returned" time="1.410" /><testcase classname="backend.tests.test_commissions.TestZCleanup" name="test_delete_rule_clinic_admin" time="0.286" /><testcase classname="backend.tests.test_reports.TestReportsAuth" name="test_executive_summary_requires_auth" time="0.128" /><testcase classname="backend.tests.test_reports.TestReportsAuth" name="test_income_requires_auth" time="0.048" /><testcase classname="backend.tests.test_reports.TestReportsAuth" name="test_pnl_requires_auth" time="0.049" /><testcase classname="backend.tests.test_reports.TestReportsAuth" name="test_inventory_requires_auth" time="0.051" /><testcase classname="backend.tests.test_reports.TestReportsAuth" name="test_by_branch_requires_auth" time="0.050" /><testcase classname="backend.tests.test_reports.TestExecutiveSummary" name="test_current_month_structure" time="2.216" /><testcase classname="backend.tests.test_reports.TestExecutiveSummary" name="test_other_periods_status_200[previous_month]" time="1.822" /><testcase classname="backend.tests.test_reports.TestExecutiveSummary" name="test_other_periods_status_200[quarter]" time="1.876" /><testcase classname="backend.tests.test_reports.TestExecutiveSummary" name="test_other_periods_status_200[year]" time="1.969" /><testcase classname="backend.tests.test_reports.TestExecutiveSummary" name="test_custom_period_with_dates" time="1.806" /><testcase classname="backend.tests.test_reports.TestIncomeReport" name="test_income_default" time="0.611" /><testcase classname="backend.tests.test_reports.TestIncomeReport" name="test_grouping_supported[day]" time="0.605" /><testcase classname="backend.tests.test_reports.TestIncomeReport" name="test_grouping_supported[week]" time="0.600" /><testcase classname="backend.tests.test_reports.TestIncomeReport" name="test_grouping_supported[month]" time="0.637" /><testcase classname="backend.tests.test_reports.TestPnL" name="test_pnl_structure" time="0.512" /><testcase classname="backend.tests.test_reports.TestPnL" name="test_pnl_pdf_returns_signed_url" time="1.347" /><testcase classname="backend.tests.test_reports.TestInventoryReport" name="test_inventory_structure" time="0.626" /><testcase classname="backend.tests.test_reports.TestInventoryReport" name="test_no_movement_filter[30]" time="0.695" /><testcase classname="backend.tests.test_reports.TestInventoryReport" name="test_no_movement_filter[60]" time="0.600" /><testcase classname="backend.tests.test_reports.TestInventoryReport" name="test_no_movement_filter[90]" time="0.605" /><testcase classname="backend.tests.test_reports.TestByBranch" name="test_by_branch_structure" time="0.512" /></testsuite></testsuites>