<?xml version="1.0" encoding="utf-8"?><testsuites name="pytest tests"><testsuite name="pytest" errors="0" failures="1" skipped="0" tests="21" time="64.353" timestamp="2026-09-24T20:28:46.700045+00:00" hostname="agent-env-c6401c92-7c8f-4c58-bad4-cd6488921873"><testcase classname="backend.tests.test_iter36_trash_insurance.TestTrashClinic" name="test_soft_delete_moves_to_trash" time="8.174" /><testcase classname="backend.tests.test_iter36_trash_insurance.TestTrashClinic" name="test_restore_clinic_and_members" time="6.910" /><testcase classname="backend.tests.test_iter36_trash_insurance.TestTrashClinic" name="test_purge_requires_in_trash" time="4.724" /><testcase classname="backend.tests.test_iter36_trash_insurance.TestTrashClinic" name="test_purge_removes_row" time="4.694" /><testcase classname="backend.tests.test_iter36_trash_insurance.TestTrashUser" name="test_user_soft_delete_and_restore" time="7.634" /><testcase classname="backend.tests.test_iter36_trash_insurance.TestTrashUser" name="test_restore_user_blocked_if_clinic_in_trash" time="6.890" /><testcase classname="backend.tests.test_iter36_trash_insurance.TestTrashUser" name="test_purge_user_now" time="7.395" /><testcase classname="backend.tests.test_iter36_trash_insurance.TestAdminRegression" name="test_dashboard" time="1.475" /><testcase classname="backend.tests.test_iter36_trash_insurance.TestAdminRegression" name="test_list_clinics" time="1.232" /><testcase classname="backend.tests.test_iter36_trash_insurance.TestAdminRegression" name="test_list_users" time="1.354" /><testcase classname="backend.tests.test_iter36_trash_insurance.TestInsurancePayments" name="test_insurance_missing_name_400" time="1.060" /><testcase classname="backend.tests.test_iter36_trash_insurance.TestInsurancePayments" name="test_full_insurance_sale_creates_provider" time="2.736" /><testcase classname="backend.tests.test_iter36_trash_insurance.TestInsurancePayments" name="test_partial_insurance_creates_ar" time="2.125" /><testcase classname="backend.tests.test_iter36_trash_insurance.TestInsurancePayments" name="test_provider_manual_create_idempotent" time="0.551" /><testcase classname="backend.tests.test_iter36_trash_insurance.TestInsurancePayments" name="test_provider_empty_name_400" time="0.171" /><testcase classname="backend.tests.test_iter36_trash_insurance.TestArFilters" name="test_ar_filter_by_insurance" time="1.949" /><testcase classname="backend.tests.test_iter36_trash_insurance.TestArFilters" name="test_ar_filter_by_date_range" time="0.772" /><testcase classname="backend.tests.test_iter36_trash_insurance.TestPosRegression" name="test_cash_sale" time="1.742" /><testcase classname="backend.tests.test_iter36_trash_insurance.TestPosRegression" name="test_card_sale" time="1.152" /><testcase classname="backend.tests.test_iter36_trash_insurance.TestPosRegression" name="test_transfer_sale" time="1.308" /><testcase classname="backend.tests.test_iter36_trash_insurance.TestUserGuidePDF" name="test_pdf_generates" time="0.125"><failure message="AssertionError: {&quot;detail&quot;:&quot;Not Found&quot;}&#10;assert 404 == 200&#10; +  where 404 = &lt;Response [404]&gt;.status_code">backend/tests/test_iter36_trash_insurance.py:440: in test_pdf_generates
    assert r.status_code == 200, r.text
E   AssertionError: {"detail":"Not Found"}
E   assert 404 == 200
E    +  where 404 = &lt;Response [404]&gt;.status_code</failure></testcase></testsuite></testsuites>