<?xml version="1.0" encoding="utf-8"?><testsuites name="pytest tests"><testsuite name="pytest" errors="0" failures="0" skipped="0" tests="74" time="41.187" timestamp="2026-04-26T03:07:27.063156+00:00" hostname="agent-env-c6401c92-7c8f-4c58-bad4-cd6488921873"><testcase classname="backend.tests.test_branch_filter_p1.TestAppointmentsBranchFilter" name="test_list_appointments_no_branch_filter" time="0.921" /><testcase classname="backend.tests.test_branch_filter_p1.TestAppointmentsBranchFilter" name="test_list_appointments_with_branch_id" time="0.369" /><testcase classname="backend.tests.test_branch_filter_p1.TestAppointmentsBranchFilter" name="test_list_appointments_other_branch" time="0.398" /><testcase classname="backend.tests.test_branch_filter_p1.TestAppointmentsBranchFilter" name="test_create_appointment_with_branch_id_persists" time="4.101" /><testcase classname="backend.tests.test_branch_filter_p1.TestAppointmentsBranchFilter" name="test_create_appointment_without_branch_id_backwards_compat" time="0.948" /><testcase classname="backend.tests.test_branch_filter_p1.TestInventorySalesBranchFilter" name="test_inventory_stock_with_branch_id" time="0.990" /><testcase classname="backend.tests.test_branch_filter_p1.TestInventorySalesBranchFilter" name="test_inventory_movements_with_branch_id" time="2.025" /><testcase classname="backend.tests.test_branch_filter_p1.TestInventorySalesBranchFilter" name="test_sales_daily_summary_with_branch_id" time="0.358" /><testcase classname="backend.tests.test_branch_filter_p1.TestInventorySalesBranchFilter" name="test_sales_list_with_branch_id" time="0.487" /><testcase classname="backend.tests.test_branch_filter_p1.TestInventorySalesBranchFilter" name="test_cash_sessions_with_branch_id" time="2.756" /><testcase classname="backend.tests.test_branch_filter_p1.TestInventorySalesBranchFilter" name="test_cash_registers_with_branch_id" time="0.718" /><testcase classname="backend.tests.test_phase2_refactor_regression.TestAuth" name="test_login_super" time="0.343" /><testcase classname="backend.tests.test_phase2_refactor_regression.TestAuth" name="test_login_clinic" time="0.333" /><testcase classname="backend.tests.test_phase2_refactor_regression.TestAuth" name="test_login_invalid" time="0.157" /><testcase classname="backend.tests.test_phase2_refactor_regression.TestAuth" name="test_logout" time="0.157" /><testcase classname="backend.tests.test_phase2_refactor_regression.TestSuperAdmin" name="test_dashboard" time="1.309" /><testcase classname="backend.tests.test_phase2_refactor_regression.TestSuperAdmin" name="test_clinics_list" time="1.134" /><testcase classname="backend.tests.test_phase2_refactor_regression.TestSuperAdmin" name="test_users_list" time="1.322" /><testcase classname="backend.tests.test_phase2_refactor_regression.TestSuperAdmin" name="test_dashboard_forbidden_for_clinic" time="0.221" /><testcase classname="backend.tests.test_phase2_refactor_regression.TestCatalogs" name="test_medications" time="0.266" /><testcase classname="backend.tests.test_phase2_refactor_regression.TestCatalogs" name="test_lab_studies" time="0.267" /><testcase classname="backend.tests.test_phase2_refactor_regression.TestCatalogs" name="test_icd10" time="0.349" /><testcase classname="backend.tests.test_phase2_refactor_regression.TestClinicSettings" name="test_config" time="0.306" /><testcase classname="backend.tests.test_phase2_refactor_regression.TestClinicSettings" name="test_members" time="0.634" /><testcase classname="backend.tests.test_phase2_refactor_regression.TestBranches" name="test_list" time="0.370" /><testcase classname="backend.tests.test_phase2_refactor_regression.TestFeatureFlags" name="test_clinic_features" time="0.513" /><testcase classname="backend.tests.test_phase2_refactor_regression.TestFeatureFlags" name="test_admin_features" time="0.344" /><testcase classname="backend.tests.test_phase2_refactor_regression.TestPatients" name="test_list" time="0.804" /><testcase classname="backend.tests.test_phase2_refactor_regression.TestPatients" name="test_search" time="0.264" /><testcase classname="backend.tests.test_phase2_refactor_regression.TestPatients" name="test_get_invalid" time="0.255" /><testcase classname="backend.tests.test_phase2_refactor_regression.TestAppointments" name="test_list" time="0.416" /><testcase classname="backend.tests.test_phase2_refactor_regression.TestMedicalRecords" name="test_templates" time="0.385" /><testcase classname="backend.tests.test_phase2_refactor_regression.TestMedicalRecords" name="test_records_for_patient_list" time="3.105" /><testcase classname="backend.tests.test_phase2_refactor_regression.TestPrescriptions" name="test_list" time="1.115" /><testcase classname="backend.tests.test_phase2_refactor_regression.TestLabOrders" name="test_list" time="1.111" /><testcase classname="backend.tests.test_phase2_refactor_regression.TestGoogleCalendar" name="test_status" time="0.267" /><testcase classname="backend.tests.test_phase2_refactor_regression.TestInventory" name="test_products" time="0.751" /><testcase classname="backend.tests.test_phase2_refactor_regression.TestInventory" name="test_categories" time="0.256" /><testcase classname="backend.tests.test_phase2_refactor_regression.TestInventory" name="test_stock" time="0.896" /><testcase classname="backend.tests.test_phase2_refactor_regression.TestInventory" name="test_alerts" time="0.712" /><testcase classname="backend.tests.test_phase2_refactor_regression.TestSales" name="test_list" time="0.534" /><testcase classname="backend.tests.test_phase2_refactor_regression.TestSales" name="test_daily_summary" time="0.335" /><testcase classname="backend.tests.test_phase2_refactor_regression.TestAR" name="test_list" time="0.835" /><testcase classname="backend.tests.test_phase2_refactor_regression.TestAR" name="test_dashboard" time="0.286" /><testcase classname="backend.tests.test_phase2_refactor_regression.TestExpenses" name="test_list" time="0.437" /><testcase classname="backend.tests.test_phase2_refactor_regression.TestExpenses" name="test_dashboard" time="0.267" /><testcase classname="backend.tests.test_phase2_refactor_regression.TestExpenses" name="test_by_category" time="0.260" /><testcase classname="backend.tests.test_phase2_refactor_regression.TestCommissions" name="test_dashboard" time="0.344" /><testcase classname="backend.tests.test_phase2_refactor_regression.TestCommissions" name="test_settings" time="0.298" /><testcase classname="backend.tests.test_phase2_refactor_regression.TestReports" name="test_executive_summary" time="2.270" /><testcase classname="backend.tests.test_phase2_refactor_regression.TestReports" name="test_sales_report" time="0.123" /><testcase classname="backend.tests.test_phase2_refactor_regression.TestReports" name="test_expenses_vs_revenue" time="0.105" /><testcase classname="backend.tests.test_phase2_refactor_regression.TestReports" name="test_income_statement" time="0.101" /><testcase classname="backend.tests.test_phase2_refactor_regression.TestHealth" name="test_health" time="0.111" /><testcase classname="backend.tests.test_phase2_refactor_regression.TestHealth" name="test_root" time="0.101" /><testcase classname="backend.tests.test_dashboard_prompt_a9.TestDashboardSchema" name="test_status_200" time="2.247" /><testcase classname="backend.tests.test_dashboard_prompt_a9.TestDashboardSchema" name="test_new_fields_present" time="0.000" /><testcase classname="backend.tests.test_dashboard_prompt_a9.TestDashboardSchema" name="test_legacy_fields_preserved" time="0.000" /><testcase classname="backend.tests.test_dashboard_prompt_a9.TestDashboardSchema" name="test_role_is_clinic_admin" time="0.000" /><testcase classname="backend.tests.test_dashboard_prompt_a9.TestDashboardSchema" name="test_features_is_list" time="0.000" /><testcase classname="backend.tests.test_dashboard_prompt_a9.TestAdminStats" name="test_admin_stats_shape" time="0.000" /><testcase classname="backend.tests.test_dashboard_prompt_a9.TestAdminStats" name="test_admin_stats_numeric" time="0.000" /><testcase classname="backend.tests.test_dashboard_prompt_a9.TestAdminStats" name="test_admin_stats_non_negative" time="0.000" /><testcase classname="backend.tests.test_dashboard_prompt_a9.TestAlerts" name="test_alerts_is_list" time="0.000" /><testcase classname="backend.tests.test_dashboard_prompt_a9.TestAlerts" name="test_alert_item_shape" time="0.000" /><testcase classname="backend.tests.test_dashboard_prompt_a9.TestIncomeChart" name="test_income_chart_present" time="0.000" /><testcase classname="backend.tests.test_dashboard_prompt_a9.TestIncomeChart" name="test_income_chart_item_shape" time="0.000" /><testcase classname="backend.tests.test_dashboard_prompt_a9.TestIncomeChart" name="test_income_chart_starts_at_month_start_and_includes_today" time="0.000" /><testcase classname="backend.tests.test_dashboard_prompt_a9.TestMyCommissions" name="test_my_commissions_none_for_admin" time="0.000" /><testcase classname="backend.tests.test_dashboard_prompt_a9.TestRegression" name="test_today_appointments_is_list" time="0.000" /><testcase classname="backend.tests.test_dashboard_prompt_a9.TestRegression" name="test_today_count_matches_list" time="0.000" /><testcase classname="backend.tests.test_dashboard_prompt_a9.TestRegression" name="test_recent_patients_list" time="0.000" /><testcase classname="backend.tests.test_dashboard_prompt_a9.TestRegression" name="test_activity_list_for_admin" time="0.000" /><testcase classname="backend.tests.test_dashboard_prompt_a9.TestRegression" name="test_current_member_has_role" time="0.000" /></testsuite></testsuites>