<?xml version="1.0" encoding="utf-8"?><testsuites name="pytest tests"><testsuite name="pytest" errors="0" failures="0" skipped="0" tests="12" time="18.955" timestamp="2026-04-26T16:45:09.201027+00:00" hostname="agent-env-c6401c92-7c8f-4c58-bad4-cd6488921873"><testcase classname="backend.tests.test_iter25_inventory_bulk_import.TestTemplate" name="test_template_csv" time="2.628" /><testcase classname="backend.tests.test_iter25_inventory_bulk_import.TestTemplate" name="test_template_xlsx" time="0.446" /><testcase classname="backend.tests.test_iter25_inventory_bulk_import.TestDryRunCommit" name="test_dry_run_mixed" time="0.895" /><testcase classname="backend.tests.test_iter25_inventory_bulk_import.TestDryRunCommit" name="test_commit_inserts_with_categories_and_stock" time="2.931" /><testcase classname="backend.tests.test_iter25_inventory_bulk_import.TestDryRunCommit" name="test_recommit_same_returns_all_duplicates" time="0.429" /><testcase classname="backend.tests.test_iter25_inventory_bulk_import.TestXlsx" name="test_xlsx_native_numbers_booleans" time="1.645" /><testcase classname="backend.tests.test_iter25_inventory_bulk_import.TestBranchOverride" name="test_branch_id_query_overrides_main" time="1.498" /><testcase classname="backend.tests.test_iter25_inventory_bulk_import.TestCategoryDedup" name="test_existing_category_case_insensitive" time="0.479" /><testcase classname="backend.tests.test_iter25_inventory_bulk_import.TestErrors" name="test_empty_file_400" time="2.277" /><testcase classname="backend.tests.test_iter25_inventory_bulk_import.TestErrors" name="test_pdf_unsupported_400" time="2.052" /><testcase classname="backend.tests.test_iter25_inventory_bulk_import.TestErrors" name="test_missing_required_column_400" time="0.274" /><testcase classname="backend.tests.test_iter25_inventory_bulk_import.TestErrors" name="test_oversize_5mb_400" time="3.302" /></testsuite></testsuites>