<?xml version="1.0" encoding="utf-8"?><testsuites name="pytest tests"><testsuite name="pytest" errors="0" failures="0" skipped="0" tests="44" time="20.999" timestamp="2026-04-26T00:45:39.882252+00:00" hostname="agent-env-c6401c92-7c8f-4c58-bad4-cd6488921873"><testcase classname="tests.test_phase2_refactor_regression.TestAuth" name="test_login_super" time="0.407" /><testcase classname="tests.test_phase2_refactor_regression.TestAuth" name="test_login_clinic" time="0.341" /><testcase classname="tests.test_phase2_refactor_regression.TestAuth" name="test_login_invalid" time="0.171" /><testcase classname="tests.test_phase2_refactor_regression.TestAuth" name="test_logout" time="0.186" /><testcase classname="tests.test_phase2_refactor_regression.TestSuperAdmin" name="test_dashboard" time="0.862" /><testcase classname="tests.test_phase2_refactor_regression.TestSuperAdmin" name="test_clinics_list" time="0.668" /><testcase classname="tests.test_phase2_refactor_regression.TestSuperAdmin" name="test_users_list" time="0.731" /><testcase classname="tests.test_phase2_refactor_regression.TestSuperAdmin" name="test_dashboard_forbidden_for_clinic" time="0.255" /><testcase classname="tests.test_phase2_refactor_regression.TestCatalogs" name="test_medications" time="0.269" /><testcase classname="tests.test_phase2_refactor_regression.TestCatalogs" name="test_lab_studies" time="0.301" /><testcase classname="tests.test_phase2_refactor_regression.TestCatalogs" name="test_icd10" time="0.304" /><testcase classname="tests.test_phase2_refactor_regression.TestClinicSettings" name="test_config" time="0.308" /><testcase classname="tests.test_phase2_refactor_regression.TestClinicSettings" name="test_members" time="0.540" /><testcase classname="tests.test_phase2_refactor_regression.TestBranches" name="test_list" time="0.370" /><testcase classname="tests.test_phase2_refactor_regression.TestFeatureFlags" name="test_clinic_features" time="0.566" /><testcase classname="tests.test_phase2_refactor_regression.TestFeatureFlags" name="test_admin_features" time="0.263" /><testcase classname="tests.test_phase2_refactor_regression.TestPatients" name="test_list" time="0.750" /><testcase classname="tests.test_phase2_refactor_regression.TestPatients" name="test_search" time="0.248" /><testcase classname="tests.test_phase2_refactor_regression.TestPatients" name="test_get_invalid" time="0.244" /><testcase classname="tests.test_phase2_refactor_regression.TestAppointments" name="test_list" time="0.546" /><testcase classname="tests.test_phase2_refactor_regression.TestMedicalRecords" name="test_templates" time="0.307" /><testcase classname="tests.test_phase2_refactor_regression.TestMedicalRecords" name="test_records_for_patient_list" time="1.570" /><testcase classname="tests.test_phase2_refactor_regression.TestPrescriptions" name="test_list" time="0.943" /><testcase classname="tests.test_phase2_refactor_regression.TestLabOrders" name="test_list" time="0.956" /><testcase classname="tests.test_phase2_refactor_regression.TestGoogleCalendar" name="test_status" time="0.579" /><testcase classname="tests.test_phase2_refactor_regression.TestInventory" name="test_products" time="0.461" /><testcase classname="tests.test_phase2_refactor_regression.TestInventory" name="test_categories" time="0.290" /><testcase classname="tests.test_phase2_refactor_regression.TestInventory" name="test_stock" time="0.556" /><testcase classname="tests.test_phase2_refactor_regression.TestInventory" name="test_alerts" time="0.479" /><testcase classname="tests.test_phase2_refactor_regression.TestSales" name="test_list" time="1.478" /><testcase classname="tests.test_phase2_refactor_regression.TestSales" name="test_daily_summary" time="0.315" /><testcase classname="tests.test_phase2_refactor_regression.TestAR" name="test_list" time="0.637" /><testcase classname="tests.test_phase2_refactor_regression.TestAR" name="test_dashboard" time="0.242" /><testcase classname="tests.test_phase2_refactor_regression.TestExpenses" name="test_list" time="0.345" /><testcase classname="tests.test_phase2_refactor_regression.TestExpenses" name="test_dashboard" time="0.244" /><testcase classname="tests.test_phase2_refactor_regression.TestExpenses" name="test_by_category" time="0.248" /><testcase classname="tests.test_phase2_refactor_regression.TestCommissions" name="test_dashboard" time="0.319" /><testcase classname="tests.test_phase2_refactor_regression.TestCommissions" name="test_settings" time="0.258" /><testcase classname="tests.test_phase2_refactor_regression.TestReports" name="test_executive_summary" time="1.837" /><testcase classname="tests.test_phase2_refactor_regression.TestReports" name="test_sales_report" time="0.103" /><testcase classname="tests.test_phase2_refactor_regression.TestReports" name="test_expenses_vs_revenue" time="0.109" /><testcase classname="tests.test_phase2_refactor_regression.TestReports" name="test_income_statement" time="0.106" /><testcase classname="tests.test_phase2_refactor_regression.TestHealth" name="test_health" time="0.106" /><testcase classname="tests.test_phase2_refactor_regression.TestHealth" name="test_root" time="0.104" /></testsuite></testsuites>