<?xml version="1.0" encoding="utf-8"?><testsuites name="pytest tests"><testsuite name="pytest" errors="0" failures="0" skipped="0" tests="12" time="47.110" timestamp="2026-09-24T20:06:00.825903+00:00" hostname="agent-env-c6401c92-7c8f-4c58-bad4-cd6488921873"><testcase classname="backend.tests.test_super_admin_delete.TestRegressionExistingEndpoints" name="test_dashboard" time="3.058" /><testcase classname="backend.tests.test_super_admin_delete.TestRegressionExistingEndpoints" name="test_list_clinics" time="1.512" /><testcase classname="backend.tests.test_super_admin_delete.TestRegressionExistingEndpoints" name="test_list_users" time="1.817" /><testcase classname="backend.tests.test_super_admin_delete.TestRegressionExistingEndpoints" name="test_toggle_real_clinic_active_flag" time="1.622" /><testcase classname="backend.tests.test_super_admin_delete.TestDeleteClinic" name="test_delete_missing_confirm_name_returns_400" time="4.888" /><testcase classname="backend.tests.test_super_admin_delete.TestDeleteClinic" name="test_delete_wrong_confirm_name_returns_400" time="4.555" /><testcase classname="backend.tests.test_super_admin_delete.TestDeleteClinic" name="test_delete_missing_clinic_returns_404" time="0.246" /><testcase classname="backend.tests.test_super_admin_delete.TestDeleteClinic" name="test_delete_without_super_admin_returns_403" time="5.964" /><testcase classname="backend.tests.test_super_admin_delete.TestDeleteClinic" name="test_delete_happy_path_full_purge" time="9.184" /><testcase classname="backend.tests.test_super_admin_delete.TestDeleteUser" name="test_delete_missing_user_returns_404" time="0.233" /><testcase classname="backend.tests.test_super_admin_delete.TestDeleteUser" name="test_delete_without_super_admin_returns_403" time="6.537" /><testcase classname="backend.tests.test_super_admin_delete.TestDeleteUser" name="test_delete_happy_path" time="7.393" /></testsuite></testsuites>