<?xml version="1.0" encoding="utf-8"?><testsuites name="pytest tests"><testsuite name="pytest" errors="0" failures="0" skipped="0" tests="14" time="10.739" timestamp="2026-04-26T15:27:20.257999+00:00" hostname="agent-env-c6401c92-7c8f-4c58-bad4-cd6488921873"><testcase classname="backend.tests.test_iter24_patients_bulk_import.TestTemplate" name="test_template_csv" time="0.776" /><testcase classname="backend.tests.test_iter24_patients_bulk_import.TestTemplate" name="test_template_xlsx" time="0.411" /><testcase classname="backend.tests.test_iter24_patients_bulk_import.TestCsvDryRunAndCommit" name="test_dry_run_5_rows" time="0.607" /><testcase classname="backend.tests.test_iter24_patients_bulk_import.TestCsvDryRunAndCommit" name="test_commit_true_inserts" time="0.343" /><testcase classname="backend.tests.test_iter24_patients_bulk_import.TestCsvDryRunAndCommit" name="test_recommit_same_returns_all_duplicates" time="0.258" /><testcase classname="backend.tests.test_iter24_patients_bulk_import.TestXlsx" name="test_xlsx_native_date_cells" time="2.473" /><testcase classname="backend.tests.test_iter24_patients_bulk_import.TestDedup" name="test_national_id_case_insensitive" time="0.609" /><testcase classname="backend.tests.test_iter24_patients_bulk_import.TestDedup" name="test_composite_fallback_when_no_national_id" time="0.583" /><testcase classname="backend.tests.test_iter24_patients_bulk_import.TestRoles" name="test_doctor_can_dryrun" time="0.670" /><testcase classname="backend.tests.test_iter24_patients_bulk_import.TestRoles" name="test_receptionist_can_dryrun" time="0.593" /><testcase classname="backend.tests.test_iter24_patients_bulk_import.TestErrors" name="test_empty_file_400" time="0.225" /><testcase classname="backend.tests.test_iter24_patients_bulk_import.TestErrors" name="test_pdf_unsupported_400" time="0.238" /><testcase classname="backend.tests.test_iter24_patients_bulk_import.TestErrors" name="test_missing_required_column_400" time="0.236" /><testcase classname="backend.tests.test_iter24_patients_bulk_import.TestZZCleanup" name="test_cleanup_test_patients" time="2.623" /></testsuite></testsuites>