<?xml version="1.0" encoding="utf-8"?><testsuites name="pytest tests"><testsuite name="pytest" errors="0" failures="0" skipped="0" tests="95" time="49.102" timestamp="2026-04-26T14:39:44.229711+00:00" hostname="agent-env-c6401c92-7c8f-4c58-bad4-cd6488921873"><testcase classname="backend.tests.test_p2_p3_batch.TestAuthMe" name="test_me_clinic_admin" time="0.825" /><testcase classname="backend.tests.test_p2_p3_batch.TestAuthMe" name="test_me_super_admin" time="0.524" /><testcase classname="backend.tests.test_p2_p3_batch.TestAuthMe" name="test_me_no_token" time="0.106" /><testcase classname="backend.tests.test_p2_p3_batch.TestAuthMe" name="test_me_invalid_token" time="0.176" /><testcase classname="backend.tests.test_p2_p3_batch.TestAliases" name="test_expenses_categories_alias" time="0.576" /><testcase classname="backend.tests.test_p2_p3_batch.TestAliases" name="test_sales_dashboard_alias" time="0.922" /><testcase classname="backend.tests.test_p2_p3_batch.TestUuidValidation422" name="test_malformed_uuid_returns_422[/api/clinic/sales/not-a-uuid]" time="0.246" /><testcase classname="backend.tests.test_p2_p3_batch.TestUuidValidation422" name="test_malformed_uuid_returns_422[/api/clinic/prescriptions/not-a-uuid]" time="0.285" /><testcase classname="backend.tests.test_p2_p3_batch.TestUuidValidation422" name="test_malformed_uuid_returns_422[/api/clinic/lab-orders/not-a-uuid]" time="0.212" /><testcase classname="backend.tests.test_p2_p3_batch.TestUuidValidation422" name="test_malformed_uuid_returns_422[/api/clinic/patients/not-a-uuid]" time="0.253" /><testcase classname="backend.tests.test_p2_p3_batch.TestUuidValidation422" name="test_malformed_uuid_returns_422[/api/clinic/medical-records/not-a-uuid]" time="0.232" /><testcase classname="backend.tests.test_p2_p3_batch.TestUuidValidation422" name="test_pdf_url_malformed_uuid_returns_422[/api/clinic/lab-orders/not-a-uuid/pdf-url]" time="0.215" /><testcase classname="backend.tests.test_p2_p3_batch.TestUuidValidation422" name="test_pdf_url_malformed_uuid_returns_422[/api/clinic/prescriptions/not-a-uuid/pdf-url]" time="0.215" /><testcase classname="backend.tests.test_p2_p3_batch.TestUuidValidation404" name="test_valid_missing_uuid_returns_404[/api/clinic/sales/00000000-0000-0000-0000-000000000000]" time="0.315" /><testcase classname="backend.tests.test_p2_p3_batch.TestUuidValidation404" name="test_valid_missing_uuid_returns_404[/api/clinic/prescriptions/00000000-0000-0000-0000-000000000000]" time="0.303" /><testcase classname="backend.tests.test_p2_p3_batch.TestUuidValidation404" name="test_valid_missing_uuid_returns_404[/api/clinic/lab-orders/00000000-0000-0000-0000-000000000000]" time="0.272" /><testcase classname="backend.tests.test_p2_p3_batch.TestUuidValidation404" name="test_valid_missing_uuid_returns_404[/api/clinic/patients/00000000-0000-0000-0000-000000000000]" time="0.280" /><testcase classname="backend.tests.test_p2_p3_batch.TestUuidValidation404" name="test_valid_missing_uuid_returns_404[/api/clinic/medical-records/00000000-0000-0000-0000-000000000000]" time="0.270" /><testcase classname="backend.tests.test_p2_p3_batch.TestRegression" name="test_dashboard_200" time="1.769" /><testcase classname="backend.tests.test_p2_p3_batch.TestRegression" name="test_appointments_list_200" time="0.381" /><testcase classname="backend.tests.test_p2_p3_batch.TestRegression" name="test_sales_list_200" time="0.512" /><testcase classname="backend.tests.test_branch_filter_p1.TestAppointmentsBranchFilter" name="test_list_appointments_no_branch_filter" time="0.818" /><testcase classname="backend.tests.test_branch_filter_p1.TestAppointmentsBranchFilter" name="test_list_appointments_with_branch_id" time="0.400" /><testcase classname="backend.tests.test_branch_filter_p1.TestAppointmentsBranchFilter" name="test_list_appointments_other_branch" time="0.416" /><testcase classname="backend.tests.test_branch_filter_p1.TestAppointmentsBranchFilter" name="test_create_appointment_with_branch_id_persists" time="4.053" /><testcase classname="backend.tests.test_branch_filter_p1.TestAppointmentsBranchFilter" name="test_create_appointment_without_branch_id_backwards_compat" time="1.014" /><testcase classname="backend.tests.test_branch_filter_p1.TestInventorySalesBranchFilter" name="test_inventory_stock_with_branch_id" time="0.971" /><testcase classname="backend.tests.test_branch_filter_p1.TestInventorySalesBranchFilter" name="test_inventory_movements_with_branch_id" time="2.085" /><testcase classname="backend.tests.test_branch_filter_p1.TestInventorySalesBranchFilter" name="test_sales_daily_summary_with_branch_id" time="0.372" /><testcase classname="backend.tests.test_branch_filter_p1.TestInventorySalesBranchFilter" name="test_sales_list_with_branch_id" time="0.510" /><testcase classname="backend.tests.test_branch_filter_p1.TestInventorySalesBranchFilter" name="test_cash_sessions_with_branch_id" time="2.698" /><testcase classname="backend.tests.test_branch_filter_p1.TestInventorySalesBranchFilter" name="test_cash_registers_with_branch_id" time="0.760" /><testcase classname="backend.tests.test_phase2_refactor_regression.TestAuth" name="test_login_super" time="0.358" /><testcase classname="backend.tests.test_phase2_refactor_regression.TestAuth" name="test_login_clinic" time="0.344" /><testcase classname="backend.tests.test_phase2_refactor_regression.TestAuth" name="test_login_invalid" time="0.161" /><testcase classname="backend.tests.test_phase2_refactor_regression.TestAuth" name="test_logout" time="0.167" /><testcase classname="backend.tests.test_phase2_refactor_regression.TestSuperAdmin" name="test_dashboard" time="1.244" /><testcase classname="backend.tests.test_phase2_refactor_regression.TestSuperAdmin" name="test_clinics_list" time="1.026" /><testcase classname="backend.tests.test_phase2_refactor_regression.TestSuperAdmin" name="test_users_list" time="1.199" /><testcase classname="backend.tests.test_phase2_refactor_regression.TestSuperAdmin" name="test_dashboard_forbidden_for_clinic" time="0.237" /><testcase classname="backend.tests.test_phase2_refactor_regression.TestCatalogs" name="test_medications" time="0.287" /><testcase classname="backend.tests.test_phase2_refactor_regression.TestCatalogs" name="test_lab_studies" time="0.271" /><testcase classname="backend.tests.test_phase2_refactor_regression.TestCatalogs" name="test_icd10" time="0.360" /><testcase classname="backend.tests.test_phase2_refactor_regression.TestClinicSettings" name="test_config" time="0.329" /><testcase classname="backend.tests.test_phase2_refactor_regression.TestClinicSettings" name="test_members" time="0.814" /><testcase classname="backend.tests.test_phase2_refactor_regression.TestBranches" name="test_list" time="0.381" /><testcase classname="backend.tests.test_phase2_refactor_regression.TestFeatureFlags" name="test_clinic_features" time="0.546" /><testcase classname="backend.tests.test_phase2_refactor_regression.TestFeatureFlags" name="test_admin_features" time="0.269" /><testcase classname="backend.tests.test_phase2_refactor_regression.TestPatients" name="test_list" time="0.810" /><testcase classname="backend.tests.test_phase2_refactor_regression.TestPatients" name="test_search" time="0.288" /><testcase classname="backend.tests.test_phase2_refactor_regression.TestPatients" name="test_get_invalid" time="0.293" /><testcase classname="backend.tests.test_phase2_refactor_regression.TestAppointments" name="test_list" time="0.415" /><testcase classname="backend.tests.test_phase2_refactor_regression.TestMedicalRecords" name="test_templates" time="0.365" /><testcase classname="backend.tests.test_phase2_refactor_regression.TestMedicalRecords" name="test_records_for_patient_list" time="3.047" /><testcase classname="backend.tests.test_phase2_refactor_regression.TestPrescriptions" name="test_list" time="1.005" /><testcase classname="backend.tests.test_phase2_refactor_regression.TestLabOrders" name="test_list" time="1.029" /><testcase classname="backend.tests.test_phase2_refactor_regression.TestGoogleCalendar" name="test_status" time="0.324" /><testcase classname="backend.tests.test_phase2_refactor_regression.TestInventory" name="test_products" time="0.513" /><testcase classname="backend.tests.test_phase2_refactor_regression.TestInventory" name="test_categories" time="0.272" /><testcase classname="backend.tests.test_phase2_refactor_regression.TestInventory" name="test_stock" time="0.858" /><testcase classname="backend.tests.test_phase2_refactor_regression.TestInventory" name="test_alerts" time="0.654" /><testcase classname="backend.tests.test_phase2_refactor_regression.TestSales" name="test_list" time="0.480" /><testcase classname="backend.tests.test_phase2_refactor_regression.TestSales" name="test_daily_summary" time="0.313" /><testcase classname="backend.tests.test_phase2_refactor_regression.TestAR" name="test_list" time="0.778" /><testcase classname="backend.tests.test_phase2_refactor_regression.TestAR" name="test_dashboard" time="0.258" /><testcase classname="backend.tests.test_phase2_refactor_regression.TestExpenses" name="test_list" time="0.360" /><testcase classname="backend.tests.test_phase2_refactor_regression.TestExpenses" name="test_dashboard" time="0.272" /><testcase classname="backend.tests.test_phase2_refactor_regression.TestExpenses" name="test_by_category" time="0.283" /><testcase classname="backend.tests.test_phase2_refactor_regression.TestCommissions" name="test_dashboard" time="0.319" /><testcase classname="backend.tests.test_phase2_refactor_regression.TestCommissions" name="test_settings" time="0.269" /><testcase classname="backend.tests.test_phase2_refactor_regression.TestReports" name="test_executive_summary" time="2.022" /><testcase classname="backend.tests.test_phase2_refactor_regression.TestReports" name="test_sales_report" time="0.143" /><testcase classname="backend.tests.test_phase2_refactor_regression.TestReports" name="test_expenses_vs_revenue" time="0.123" /><testcase classname="backend.tests.test_phase2_refactor_regression.TestReports" name="test_income_statement" time="0.142" /><testcase classname="backend.tests.test_phase2_refactor_regression.TestHealth" name="test_health" time="0.105" /><testcase classname="backend.tests.test_phase2_refactor_regression.TestHealth" name="test_root" time="0.104" /><testcase classname="backend.tests.test_dashboard_prompt_a9.TestDashboardSchema" name="test_status_200" time="2.098" /><testcase classname="backend.tests.test_dashboard_prompt_a9.TestDashboardSchema" name="test_new_fields_present" time="0.000" /><testcase classname="backend.tests.test_dashboard_prompt_a9.TestDashboardSchema" name="test_legacy_fields_preserved" time="0.000" /><testcase classname="backend.tests.test_dashboard_prompt_a9.TestDashboardSchema" name="test_role_is_clinic_admin" time="0.000" /><testcase classname="backend.tests.test_dashboard_prompt_a9.TestDashboardSchema" name="test_features_is_list" time="0.000" /><testcase classname="backend.tests.test_dashboard_prompt_a9.TestAdminStats" name="test_admin_stats_shape" time="0.000" /><testcase classname="backend.tests.test_dashboard_prompt_a9.TestAdminStats" name="test_admin_stats_numeric" time="0.000" /><testcase classname="backend.tests.test_dashboard_prompt_a9.TestAdminStats" name="test_admin_stats_non_negative" time="0.000" /><testcase classname="backend.tests.test_dashboard_prompt_a9.TestAlerts" name="test_alerts_is_list" time="0.000" /><testcase classname="backend.tests.test_dashboard_prompt_a9.TestAlerts" name="test_alert_item_shape" time="0.000" /><testcase classname="backend.tests.test_dashboard_prompt_a9.TestIncomeChart" name="test_income_chart_present" time="0.000" /><testcase classname="backend.tests.test_dashboard_prompt_a9.TestIncomeChart" name="test_income_chart_item_shape" time="0.000" /><testcase classname="backend.tests.test_dashboard_prompt_a9.TestIncomeChart" name="test_income_chart_starts_at_month_start_and_includes_today" time="0.000" /><testcase classname="backend.tests.test_dashboard_prompt_a9.TestMyCommissions" name="test_my_commissions_none_for_admin" time="0.000" /><testcase classname="backend.tests.test_dashboard_prompt_a9.TestRegression" name="test_today_appointments_is_list" time="0.000" /><testcase classname="backend.tests.test_dashboard_prompt_a9.TestRegression" name="test_today_count_matches_list" time="0.000" /><testcase classname="backend.tests.test_dashboard_prompt_a9.TestRegression" name="test_recent_patients_list" time="0.000" /><testcase classname="backend.tests.test_dashboard_prompt_a9.TestRegression" name="test_activity_list_for_admin" time="0.000" /><testcase classname="backend.tests.test_dashboard_prompt_a9.TestRegression" name="test_current_member_has_role" time="0.000" /></testsuite></testsuites>