<?xml version="1.0" encoding="utf-8"?><testsuites name="pytest tests"><testsuite name="pytest" errors="0" failures="0" skipped="0" tests="44" time="19.718" timestamp="2026-04-26T00:37:10.932690+00:00" hostname="agent-env-c6401c92-7c8f-4c58-bad4-cd6488921873"><testcase classname="tests.test_phase2_refactor_regression.TestAuth" name="test_login_super" time="0.438" /><testcase classname="tests.test_phase2_refactor_regression.TestAuth" name="test_login_clinic" time="0.350" /><testcase classname="tests.test_phase2_refactor_regression.TestAuth" name="test_login_invalid" time="0.159" /><testcase classname="tests.test_phase2_refactor_regression.TestAuth" name="test_logout" time="0.249" /><testcase classname="tests.test_phase2_refactor_regression.TestSuperAdmin" name="test_dashboard" time="0.751" /><testcase classname="tests.test_phase2_refactor_regression.TestSuperAdmin" name="test_clinics_list" time="0.532" /><testcase classname="tests.test_phase2_refactor_regression.TestSuperAdmin" name="test_users_list" time="0.609" /><testcase classname="tests.test_phase2_refactor_regression.TestSuperAdmin" name="test_dashboard_forbidden_for_clinic" time="0.232" /><testcase classname="tests.test_phase2_refactor_regression.TestCatalogs" name="test_medications" time="0.273" /><testcase classname="tests.test_phase2_refactor_regression.TestCatalogs" name="test_lab_studies" time="0.343" /><testcase classname="tests.test_phase2_refactor_regression.TestCatalogs" name="test_icd10" time="0.333" /><testcase classname="tests.test_phase2_refactor_regression.TestClinicSettings" name="test_config" time="0.303" /><testcase classname="tests.test_phase2_refactor_regression.TestClinicSettings" name="test_members" time="0.492" /><testcase classname="tests.test_phase2_refactor_regression.TestBranches" name="test_list" time="0.403" /><testcase classname="tests.test_phase2_refactor_regression.TestFeatureFlags" name="test_clinic_features" time="0.490" /><testcase classname="tests.test_phase2_refactor_regression.TestFeatureFlags" name="test_admin_features" time="0.275" /><testcase classname="tests.test_phase2_refactor_regression.TestPatients" name="test_list" time="0.736" /><testcase classname="tests.test_phase2_refactor_regression.TestPatients" name="test_search" time="0.253" /><testcase classname="tests.test_phase2_refactor_regression.TestPatients" name="test_get_invalid" time="0.269" /><testcase classname="tests.test_phase2_refactor_regression.TestAppointments" name="test_list" time="0.596" /><testcase classname="tests.test_phase2_refactor_regression.TestMedicalRecords" name="test_templates" time="0.333" /><testcase classname="tests.test_phase2_refactor_regression.TestMedicalRecords" name="test_records_for_patient_list" time="1.155" /><testcase classname="tests.test_phase2_refactor_regression.TestPrescriptions" name="test_list" time="0.996" /><testcase classname="tests.test_phase2_refactor_regression.TestLabOrders" name="test_list" time="0.992" /><testcase classname="tests.test_phase2_refactor_regression.TestGoogleCalendar" name="test_status" time="0.262" /><testcase classname="tests.test_phase2_refactor_regression.TestInventory" name="test_products" time="0.399" /><testcase classname="tests.test_phase2_refactor_regression.TestInventory" name="test_categories" time="0.249" /><testcase classname="tests.test_phase2_refactor_regression.TestInventory" name="test_stock" time="0.483" /><testcase classname="tests.test_phase2_refactor_regression.TestInventory" name="test_alerts" time="0.443" /><testcase classname="tests.test_phase2_refactor_regression.TestSales" name="test_list" time="1.217" /><testcase classname="tests.test_phase2_refactor_regression.TestSales" name="test_daily_summary" time="0.310" /><testcase classname="tests.test_phase2_refactor_regression.TestAR" name="test_list" time="0.571" /><testcase classname="tests.test_phase2_refactor_regression.TestAR" name="test_dashboard" time="0.262" /><testcase classname="tests.test_phase2_refactor_regression.TestExpenses" name="test_list" time="0.376" /><testcase classname="tests.test_phase2_refactor_regression.TestExpenses" name="test_dashboard" time="0.265" /><testcase classname="tests.test_phase2_refactor_regression.TestExpenses" name="test_by_category" time="0.261" /><testcase classname="tests.test_phase2_refactor_regression.TestCommissions" name="test_dashboard" time="0.301" /><testcase classname="tests.test_phase2_refactor_regression.TestCommissions" name="test_settings" time="0.259" /><testcase classname="tests.test_phase2_refactor_regression.TestReports" name="test_executive_summary" time="1.854" /><testcase classname="tests.test_phase2_refactor_regression.TestReports" name="test_sales_report" time="0.108" /><testcase classname="tests.test_phase2_refactor_regression.TestReports" name="test_expenses_vs_revenue" time="0.102" /><testcase classname="tests.test_phase2_refactor_regression.TestReports" name="test_income_statement" time="0.111" /><testcase classname="tests.test_phase2_refactor_regression.TestHealth" name="test_health" time="0.120" /><testcase classname="tests.test_phase2_refactor_regression.TestHealth" name="test_root" time="0.105" /></testsuite></testsuites>