<?xml version="1.0" encoding="utf-8"?><testsuites name="pytest tests"><testsuite name="pytest" errors="3" failures="11" skipped="0" tests="133" time="232.280" timestamp="2026-04-26T00:18:24.892326+00:00" hostname="agent-env-c6401c92-7c8f-4c58-bad4-cd6488921873"><testcase classname="backend.tests.test_clinic_agenda.TestClinicLogin" name="test_clinic_member_login_success" time="0.467" /><testcase classname="backend.tests.test_clinic_agenda.TestClinicLogin" name="test_invalid_credentials" time="0.152" /><testcase classname="backend.tests.test_clinic_agenda.TestClinicConfig" name="test_get_clinic_config" time="0.739" /><testcase classname="backend.tests.test_clinic_agenda.TestClinicConfig" name="test_config_returns_current_member" time="0.361" /><testcase classname="backend.tests.test_clinic_agenda.TestClinicDashboard" name="test_dashboard_returns_kpis" time="1.476"><failure message="AssertionError: assert 'total_patients' in {'activity': [{'message': 'Receta emitida para Maria Garcia', 'timestamp': '2026-04-17T03:20:53.679822+00:00', 'type':...d2ea1-e2ff-4595-be1a-de07cc2f807d', 'last_name': 'Lopez', ...}, 'new_patients_month': 5, 'next_appointment': None, ...}">E   AssertionError: assert 'total_patients' in {'activity': [{'message': 'Receta emitida para Maria Garcia', 'timestamp': '2026-04-17T03:20:53.679822+00:00', 'type':...d2ea1-e2ff-4595-be1a-de07cc2f807d', 'last_name': 'Lopez', ...}, 'new_patients_month': 5, 'next_appointment': None, ...}</failure></testcase><testcase classname="backend.tests.test_clinic_agenda.TestClinicDashboard" name="test_dashboard_appointments_enriched" time="1.483" /><testcase classname="backend.tests.test_clinic_agenda.TestPatients" name="test_search_patients" time="0.269" /><testcase classname="backend.tests.test_clinic_agenda.TestPatients" name="test_list_patients" time="0.852"><failure message="AssertionError: assert False&#10; +  where False = isinstance({'limit': 25, 'page': 1, 'pages': 1, 'patients': [{'created_at': '2026-04-16T01:49:10.909066+00:00', 'date_of_birth': ...ed_at': '2026-04-16T01:58:42.612883+00:00', 'date_of_birth': None, 'email': '', 'first_name': 'TEST_Pedro', ...}], ...}, list)">E   AssertionError: assert False
     +  where False = isinstance({'limit': 25, 'page': 1, 'pages': 1, 'patients': [{'created_at': '2026-04-16T01:49:10.909066+00:00', 'date_of_birth': ...ed_at': '2026-04-16T01:58:42.612883+00:00', 'date_of_birth': None, 'email': '', 'first_name': 'TEST_Pedro', ...}], ...}, list)</failure></testcase><testcase classname="backend.tests.test_clinic_agenda.TestPatients" name="test_create_patient" time="0.322" /><testcase classname="backend.tests.test_clinic_agenda.TestAppointments" name="test_list_appointments" time="0.444" /><testcase classname="backend.tests.test_clinic_agenda.TestAppointments" name="test_filter_by_doctor" time="0.513" /><testcase classname="backend.tests.test_clinic_agenda.TestAppointments" name="test_filter_by_status" time="0.568" /><testcase classname="backend.tests.test_clinic_agenda.TestAppointments" name="test_create_appointment_success" time="0.264"><failure message="AssertionError: Create appointment failed: {&quot;detail&quot;:&quot;Fuera del horario de la clinica (08:00:00 - 17:00:00)&quot;}&#10;assert 400 == 200&#10; +  where 400 = &lt;Response [400]&gt;.status_code">E   AssertionError: Create appointment failed: {"detail":"Fuera del horario de la clinica (08:00:00 - 17:00:00)"}
    assert 400 == 200
     +  where 400 = &lt;Response [400]&gt;.status_code</failure></testcase><testcase classname="backend.tests.test_clinic_agenda.TestAppointments" name="test_create_appointment_outside_hours_fails" time="0.282" /><testcase classname="backend.tests.test_clinic_agenda.TestAppointments" name="test_create_appointment_conflict_fails" time="0.264"><failure message="AssertionError: First appointment failed: {&quot;detail&quot;:&quot;Fuera del horario de la clinica (08:00:00 - 17:00:00)&quot;}&#10;assert 400 == 200&#10; +  where 400 = &lt;Response [400]&gt;.status_code">E   AssertionError: First appointment failed: {"detail":"Fuera del horario de la clinica (08:00:00 - 17:00:00)"}
    assert 400 == 200
     +  where 400 = &lt;Response [400]&gt;.status_code</failure></testcase><testcase classname="backend.tests.test_clinic_agenda.TestAppointmentStatus" name="test_confirm_appointment" time="1.021" /><testcase classname="backend.tests.test_clinic_agenda.TestAppointmentStatus" name="test_start_appointment" time="0.340"><error message="failed on setup with &quot;assert 409 == 200&#10; +  where 409 = &lt;Response [409]&gt;.status_code&quot;">E   assert 409 == 200
     +  where 409 = &lt;Response [409]&gt;.status_code</error></testcase><testcase classname="backend.tests.test_clinic_agenda.TestAppointmentStatus" name="test_complete_appointment" time="0.367"><error message="failed on setup with &quot;assert 409 == 200&#10; +  where 409 = &lt;Response [409]&gt;.status_code&quot;">E   assert 409 == 200
     +  where 409 = &lt;Response [409]&gt;.status_code</error></testcase><testcase classname="backend.tests.test_clinic_agenda.TestAppointmentStatus" name="test_cancel_appointment_with_reason" time="1.021" /><testcase classname="backend.tests.test_clinic_agenda.TestAppointmentStatus" name="test_invalid_status_fails" time="0.320"><error message="failed on setup with &quot;assert 409 == 200&#10; +  where 409 = &lt;Response [409]&gt;.status_code&quot;">E   assert 409 == 200
     +  where 409 = &lt;Response [409]&gt;.status_code</error></testcase><testcase classname="backend.tests.test_clinic_agenda.TestAppointmentUpdate" name="test_update_appointment" time="0.273"><failure message="KeyError: 'id'">E   KeyError: 'id'</failure></testcase><testcase classname="backend.tests.test_clinic_settings.TestClinicSettingsEndpoints" name="test_get_clinic_settings_returns_200" time="0.681" /><testcase classname="backend.tests.test_clinic_settings.TestClinicSettingsEndpoints" name="test_get_clinic_settings_has_required_fields" time="0.293" /><testcase classname="backend.tests.test_clinic_settings.TestClinicSettingsEndpoints" name="test_clinic_data_is_prefilled" time="0.257" /><testcase classname="backend.tests.test_clinic_settings.TestClinicSettingsEndpoints" name="test_clinic_schedule_fields" time="0.303" /><testcase classname="backend.tests.test_clinic_settings.TestClinicSettingsEndpoints" name="test_clinic_plan_is_professional" time="0.267" /><testcase classname="backend.tests.test_clinic_settings.TestClinicSettingsEndpoints" name="test_update_clinic_settings" time="1.070" /><testcase classname="backend.tests.test_clinic_settings.TestClinicSettingsEndpoints" name="test_update_prescription_settings" time="0.519" /><testcase classname="backend.tests.test_clinic_settings.TestClinicMembersEndpoints" name="test_get_clinic_members_returns_200" time="0.759" /><testcase classname="backend.tests.test_clinic_settings.TestClinicMembersEndpoints" name="test_clinic_members_has_required_fields" time="0.426" /><testcase classname="backend.tests.test_clinic_settings.TestClinicMembersEndpoints" name="test_clinic_has_three_members" time="0.448" /><testcase classname="backend.tests.test_clinic_settings.TestClinicMembersEndpoints" name="test_members_have_emails" time="0.411" /><testcase classname="backend.tests.test_clinic_settings.TestClinicMembersEndpoints" name="test_members_table_columns" time="0.396" /><testcase classname="backend.tests.test_clinic_settings.TestClinicMembersEndpoints" name="test_update_member" time="1.390" /><testcase classname="backend.tests.test_clinic_settings.TestClinicMembersEndpoints" name="test_update_member_license_number" time="1.107" /><testcase classname="backend.tests.test_clinic_settings.TestMemberInviteEndpoint" name="test_invite_member_requires_fields" time="0.539" /><testcase classname="backend.tests.test_clinic_settings.TestMemberInviteEndpoint" name="test_invite_member_with_role_and_specialty" time="0.569" /><testcase classname="backend.tests.test_clinic_settings.TestMemberToggleEndpoint" name="test_toggle_member_status" time="1.469" /><testcase classname="backend.tests.test_clinic_settings.TestMemberToggleEndpoint" name="test_cannot_toggle_self" time="0.667" /><testcase classname="backend.tests.test_clinic_settings.TestGoogleCalendarEndpoints" name="test_gcal_status_endpoint" time="0.604" /><testcase classname="backend.tests.test_clinic_settings.TestGoogleCalendarEndpoints" name="test_gcal_auth_url_endpoint" time="0.374" /><testcase classname="backend.tests.test_feature_flags.TestClinicFeatures" name="test_get_clinic_features_returns_200" time="0.904" /><testcase classname="backend.tests.test_feature_flags.TestClinicFeatures" name="test_get_clinic_features_returns_features_array" time="0.532" /><testcase classname="backend.tests.test_feature_flags.TestClinicFeatures" name="test_get_clinic_features_returns_plan_code" time="0.520" /><testcase classname="backend.tests.test_feature_flags.TestClinicFeatures" name="test_clinic_has_professional_plan" time="0.530" /><testcase classname="backend.tests.test_feature_flags.TestClinicFeatures" name="test_clinic_has_expected_features" time="0.543" /><testcase classname="backend.tests.test_feature_flags.TestAdminPlans" name="test_list_plans_returns_200" time="55.873" /><testcase classname="backend.tests.test_feature_flags.TestAdminPlans" name="test_list_plans_returns_array" time="0.287" /><testcase classname="backend.tests.test_feature_flags.TestAdminPlans" name="test_list_plans_has_three_plans" time="0.280" /><testcase classname="backend.tests.test_feature_flags.TestAdminPlans" name="test_plans_have_required_fields" time="0.288" /><testcase classname="backend.tests.test_feature_flags.TestAdminPlans" name="test_basic_plan_exists" time="0.327" /><testcase classname="backend.tests.test_feature_flags.TestAdminPlans" name="test_professional_plan_exists" time="0.271" /><testcase classname="backend.tests.test_feature_flags.TestAdminPlans" name="test_enterprise_plan_exists" time="0.297" /><testcase classname="backend.tests.test_feature_flags.TestAdminFeatures" name="test_list_features_returns_200" time="0.278" /><testcase classname="backend.tests.test_feature_flags.TestAdminFeatures" name="test_list_features_returns_array" time="0.281" /><testcase classname="backend.tests.test_feature_flags.TestAdminFeatures" name="test_features_have_required_fields" time="0.271" /><testcase classname="backend.tests.test_feature_flags.TestAdminFeatures" name="test_expected_features_exist" time="0.286" /><testcase classname="backend.tests.test_feature_flags.TestPlanFeatures" name="test_get_plan_features_returns_200" time="0.547" /><testcase classname="backend.tests.test_feature_flags.TestPlanFeatures" name="test_get_plan_features_returns_array" time="0.554" /><testcase classname="backend.tests.test_feature_flags.TestClinicFeaturesAdmin" name="test_get_clinic_features_admin_returns_200" time="0.512" /><testcase classname="backend.tests.test_feature_flags.TestClinicFeaturesAdmin" name="test_get_clinic_features_admin_has_features" time="0.513" /><testcase classname="backend.tests.test_feature_flags.TestClinicFeaturesAdmin" name="test_get_clinic_features_admin_has_plan" time="0.504" /><testcase classname="backend.tests.test_feature_flags.TestClinicFeaturesAdmin" name="test_clinic_features_have_in_plan_flag" time="0.511" /><testcase classname="backend.tests.test_feature_flags.TestClinicFeaturesAdmin" name="test_clinic_features_have_override_field" time="0.506" /><testcase classname="backend.tests.test_feature_flags.TestChangePlan" name="test_change_plan_returns_200" time="0.350" /><testcase classname="backend.tests.test_feature_flags.TestChangePlan" name="test_change_plan_requires_plan_field" time="0.224" /><testcase classname="backend.tests.test_feature_flags.TestChangePlan" name="test_change_plan_validates_plan_code" time="0.276"><failure message="AssertionError: Expected 404, got 500&#10;assert 500 == 404&#10; +  where 500 = &lt;Response [500]&gt;.status_code">E   AssertionError: Expected 404, got 500
    assert 500 == 404
     +  where 500 = &lt;Response [500]&gt;.status_code</failure></testcase><testcase classname="backend.tests.test_feature_flags.TestAuthRequired" name="test_clinic_features_requires_auth" time="0.100" /><testcase classname="backend.tests.test_feature_flags.TestAuthRequired" name="test_admin_plans_requires_super_admin" time="0.217" /><testcase classname="backend.tests.test_feature_flags.TestAuthRequired" name="test_admin_features_requires_super_admin" time="0.221" /><testcase classname="backend.tests.test_lab_orders.TestLabStudies" name="test_list_lab_studies_returns_200" time="0.678" /><testcase classname="backend.tests.test_lab_orders.TestLabStudies" name="test_lab_studies_returns_list" time="0.279" /><testcase classname="backend.tests.test_lab_orders.TestLabStudies" name="test_lab_studies_have_required_fields" time="0.293" /><testcase classname="backend.tests.test_lab_orders.TestLabStudies" name="test_lab_studies_grouped_by_category" time="0.278" /><testcase classname="backend.tests.test_lab_orders.TestLabStudies" name="test_lab_studies_have_preparation_instructions" time="0.307" /><testcase classname="backend.tests.test_lab_orders.TestLabOrdersList" name="test_list_lab_orders_returns_200" time="1.764" /><testcase classname="backend.tests.test_lab_orders.TestLabOrdersList" name="test_lab_orders_response_structure" time="1.804" /><testcase classname="backend.tests.test_lab_orders.TestLabOrdersList" name="test_lab_orders_have_enriched_fields" time="1.833" /><testcase classname="backend.tests.test_lab_orders.TestLabOrdersList" name="test_lab_orders_filter_by_status" time="1.876" /><testcase classname="backend.tests.test_lab_orders.TestLabOrdersList" name="test_lab_orders_filter_by_patient" time="1.653" /><testcase classname="backend.tests.test_lab_orders.TestLabOrderCreate" name="test_create_lab_order_success" time="1.501" /><testcase classname="backend.tests.test_lab_orders.TestLabOrderCreate" name="test_create_lab_order_urgent_priority" time="1.435" /><testcase classname="backend.tests.test_lab_orders.TestLabOrderCreate" name="test_create_lab_order_without_patient_fails" time="36.332" /><testcase classname="backend.tests.test_lab_orders.TestLabOrderCreate" name="test_create_lab_order_without_items_succeeds" time="0.890" /><testcase classname="backend.tests.test_lab_orders.TestLabOrderGet" name="test_get_lab_order_by_id" time="5.517" /><testcase classname="backend.tests.test_lab_orders.TestLabOrderGet" name="test_get_nonexistent_lab_order_returns_404" time="0.253"><failure message="AssertionError: Expected 404, got 500&#10;assert 500 == 404&#10; +  where 500 = &lt;Response [500]&gt;.status_code">E   AssertionError: Expected 404, got 500
    assert 500 == 404
     +  where 500 = &lt;Response [500]&gt;.status_code</failure></testcase><testcase classname="backend.tests.test_lab_orders.TestLabOrderPDF" name="test_get_pdf_url_for_existing_order" time="2.509" /><testcase classname="backend.tests.test_lab_orders.TestLabOrderPDF" name="test_get_pdf_url_for_nonexistent_order_returns_404" time="0.254"><failure message="AssertionError: Expected 404, got 500&#10;assert 500 == 404&#10; +  where 500 = &lt;Response [500]&gt;.status_code">E   AssertionError: Expected 404, got 500
    assert 500 == 404
     +  where 500 = &lt;Response [500]&gt;.status_code</failure></testcase><testcase classname="backend.tests.test_lab_orders.TestLabOrderVerifyPersistence" name="test_created_order_appears_in_list" time="3.248" /><testcase classname="backend.tests.test_lab_orders.TestLabOrderVerifyPersistence" name="test_order_items_persisted_correctly" time="1.853" /><testcase classname="backend.tests.test_medical_records.TestMedicalRecordsAPI" name="test_icd10_search_common_codes" time="0.639" /><testcase classname="backend.tests.test_medical_records.TestMedicalRecordsAPI" name="test_icd10_search_diabetes" time="0.596" /><testcase classname="backend.tests.test_medical_records.TestMedicalRecordsAPI" name="test_icd10_search_by_code" time="0.546" /><testcase classname="backend.tests.test_medical_records.TestMedicalRecordsAPI" name="test_create_medical_record_draft" time="0.637" /><testcase classname="backend.tests.test_medical_records.TestMedicalRecordsAPI" name="test_create_medical_record_with_out_of_range_vitals" time="0.664" /><testcase classname="backend.tests.test_medical_records.TestMedicalRecordsAPI" name="test_list_patient_medical_records" time="0.803" /><testcase classname="backend.tests.test_medical_records.TestMedicalRecordsAPI" name="test_list_medical_records_with_filters" time="0.823" /><testcase classname="backend.tests.test_medical_records.TestMedicalRecordsAPI" name="test_get_single_medical_record" time="0.869" /><testcase classname="backend.tests.test_medical_records.TestMedicalRecordsAPI" name="test_update_draft_medical_record" time="1.204" /><testcase classname="backend.tests.test_medical_records.TestMedicalRecordsAPI" name="test_finalize_medical_record" time="1.119" /><testcase classname="backend.tests.test_medical_records.TestMedicalRecordsAPI" name="test_cannot_edit_finalized_record" time="0.787" /><testcase classname="backend.tests.test_medical_records.TestMedicalRecordsAPI" name="test_add_addendum_to_finalized_record" time="1.174" /><testcase classname="backend.tests.test_medical_records.TestMedicalRecordsAPI" name="test_add_multiple_addenda" time="1.459" /><testcase classname="backend.tests.test_medical_records.TestMedicalRecordsAPI" name="test_create_record_invalid_patient" time="0.533"><failure message="AssertionError: Expected 404, got 500&#10;assert 500 == 404&#10; +  where 500 = &lt;Response [500]&gt;.status_code">E   AssertionError: Expected 404, got 500
    assert 500 == 404
     +  where 500 = &lt;Response [500]&gt;.status_code</failure></testcase><testcase classname="backend.tests.test_medical_records.TestMedicalRecordsAPI" name="test_get_nonexistent_record" time="0.532"><failure message="AssertionError: Expected 404, got 500&#10;assert 500 == 404&#10; +  where 500 = &lt;Response [500]&gt;.status_code">E   AssertionError: Expected 404, got 500
    assert 500 == 404
     +  where 500 = &lt;Response [500]&gt;.status_code</failure></testcase><testcase classname="backend.tests.test_prescriptions.TestPrescriptionsModule" name="test_medication_search_returns_results" time="2.133" /><testcase classname="backend.tests.test_prescriptions.TestPrescriptionsModule" name="test_medication_search_empty_query" time="2.164" /><testcase classname="backend.tests.test_prescriptions.TestPrescriptionsModule" name="test_medication_search_short_query" time="2.266" /><testcase classname="backend.tests.test_prescriptions.TestPrescriptionsModule" name="test_patient_search_returns_results" time="2.244" /><testcase classname="backend.tests.test_prescriptions.TestPrescriptionsModule" name="test_list_prescriptions" time="3.658" /><testcase classname="backend.tests.test_prescriptions.TestPrescriptionsModule" name="test_list_prescriptions_filter_by_status" time="3.345" /><testcase classname="backend.tests.test_prescriptions.TestPrescriptionsModule" name="test_list_prescriptions_filter_by_patient" time="3.598" /><testcase classname="backend.tests.test_prescriptions.TestPrescriptionsModule" name="test_get_prescription_by_id" time="2.349" /><testcase classname="backend.tests.test_prescriptions.TestPrescriptionsModule" name="test_get_prescription_not_found" time="2.200"><failure message="AssertionError: Expected 404, got 500&#10;assert 500 == 404&#10; +  where 500 = &lt;Response [500]&gt;.status_code">E   AssertionError: Expected 404, got 500
    assert 500 == 404
     +  where 500 = &lt;Response [500]&gt;.status_code</failure></testcase><testcase classname="backend.tests.test_prescriptions.TestPrescriptionsModule" name="test_create_prescription_draft" time="2.892" /><testcase classname="backend.tests.test_prescriptions.TestPrescriptionsModule" name="test_create_prescription_issued_generates_pdf" time="3.790" /><testcase classname="backend.tests.test_prescriptions.TestPrescriptionsModule" name="test_create_prescription_without_patient_fails" time="2.755" /><testcase classname="backend.tests.test_prescriptions.TestPrescriptionsModule" name="test_update_draft_prescription" time="3.612" /><testcase classname="backend.tests.test_prescriptions.TestPrescriptionsModule" name="test_update_draft_to_issued" time="4.351" /><testcase classname="backend.tests.test_prescriptions.TestPrescriptionsModule" name="test_cannot_update_issued_prescription" time="2.936" /><testcase classname="backend.tests.test_prescriptions.TestPrescriptionsModule" name="test_get_pdf_url_for_issued_prescription" time="3.174" /><testcase classname="backend.tests.test_prescriptions.TestPrescriptionsModule" name="test_mark_prescription_sent_whatsapp" time="4.484" /><testcase classname="backend.tests.test_prescriptions.TestPrescriptionsModule" name="test_create_clinic_medication" time="3.331" /><testcase classname="backend.tests.test_consultation_templates.TestConsultationTemplates" name="test_01_get_templates_returns_10_global_templates" time="0.711" /><testcase classname="backend.tests.test_consultation_templates.TestConsultationTemplates" name="test_02_templates_have_correct_categories" time="0.699" /><testcase classname="backend.tests.test_consultation_templates.TestConsultationTemplates" name="test_03_consulta_general_adulto_template_structure" time="0.695" /><testcase classname="backend.tests.test_consultation_templates.TestConsultationTemplates" name="test_04_control_diabetes_template_has_diagnosis_e11" time="0.667" /><testcase classname="backend.tests.test_consultation_templates.TestConsultationTemplates" name="test_05_control_hipertension_template_has_diagnosis_i10" time="0.677" /><testcase classname="backend.tests.test_consultation_templates.TestConsultationTemplates" name="test_06_create_clinic_specific_template" time="0.982" /><testcase classname="backend.tests.test_consultation_templates.TestConsultationTemplates" name="test_07_clinic_template_appears_in_list" time="1.363" /><testcase classname="backend.tests.test_consultation_templates.TestConsultationTemplates" name="test_08_delete_clinic_template" time="1.293" /><testcase classname="backend.tests.test_consultation_templates.TestConsultationTemplates" name="test_09_cannot_delete_global_template" time="0.976" /><testcase classname="backend.tests.test_consultation_templates.TestConsultationTemplates" name="test_10_all_10_expected_templates_exist" time="0.669" /></testsuite></testsuites>