<?xml version="1.0" encoding="utf-8"?><testsuites name="pytest tests"><testsuite name="pytest" errors="0" failures="3" skipped="0" tests="38" time="101.231" timestamp="2026-04-26T00:43:47.608298+00:00" hostname="agent-env-c6401c92-7c8f-4c58-bad4-cd6488921873"><testcase classname="tests.test_prescriptions.TestPrescriptionsModule" name="test_medication_search_returns_results" time="3.191" /><testcase classname="tests.test_prescriptions.TestPrescriptionsModule" name="test_medication_search_empty_query" time="3.118" /><testcase classname="tests.test_prescriptions.TestPrescriptionsModule" name="test_medication_search_short_query" time="3.110" /><testcase classname="tests.test_prescriptions.TestPrescriptionsModule" name="test_patient_search_returns_results" time="3.081" /><testcase classname="tests.test_prescriptions.TestPrescriptionsModule" name="test_list_prescriptions" time="5.321" /><testcase classname="tests.test_prescriptions.TestPrescriptionsModule" name="test_list_prescriptions_filter_by_status" time="4.598" /><testcase classname="tests.test_prescriptions.TestPrescriptionsModule" name="test_list_prescriptions_filter_by_patient" time="5.096" /><testcase classname="tests.test_prescriptions.TestPrescriptionsModule" name="test_get_prescription_by_id" time="3.040" /><testcase classname="tests.test_prescriptions.TestPrescriptionsModule" name="test_get_prescription_not_found" time="2.927"><failure message="AssertionError: Expected 404, got 500&#10;assert 500 == 404&#10; +  where 500 = &lt;Response [500]&gt;.status_code">E   AssertionError: Expected 404, got 500
    assert 500 == 404
     +  where 500 = &lt;Response [500]&gt;.status_code</failure></testcase><testcase classname="tests.test_prescriptions.TestPrescriptionsModule" name="test_create_prescription_draft" time="3.470" /><testcase classname="tests.test_prescriptions.TestPrescriptionsModule" name="test_create_prescription_issued_generates_pdf" time="4.315" /><testcase classname="tests.test_prescriptions.TestPrescriptionsModule" name="test_create_prescription_without_patient_fails" time="3.295" /><testcase classname="tests.test_prescriptions.TestPrescriptionsModule" name="test_update_draft_prescription" time="4.105" /><testcase classname="tests.test_prescriptions.TestPrescriptionsModule" name="test_update_draft_to_issued" time="4.797" /><testcase classname="tests.test_prescriptions.TestPrescriptionsModule" name="test_cannot_update_issued_prescription" time="3.537" /><testcase classname="tests.test_prescriptions.TestPrescriptionsModule" name="test_get_pdf_url_for_issued_prescription" time="3.659" /><testcase classname="tests.test_prescriptions.TestPrescriptionsModule" name="test_mark_prescription_sent_whatsapp" time="5.063" /><testcase classname="tests.test_prescriptions.TestPrescriptionsModule" name="test_create_clinic_medication" time="4.066" /><testcase classname="tests.test_lab_orders.TestLabStudies" name="test_list_lab_studies_returns_200" time="0.645" /><testcase classname="tests.test_lab_orders.TestLabStudies" name="test_lab_studies_returns_list" time="0.272" /><testcase classname="tests.test_lab_orders.TestLabStudies" name="test_lab_studies_have_required_fields" time="0.269" /><testcase classname="tests.test_lab_orders.TestLabStudies" name="test_lab_studies_grouped_by_category" time="0.289" /><testcase classname="tests.test_lab_orders.TestLabStudies" name="test_lab_studies_have_preparation_instructions" time="0.289" /><testcase classname="tests.test_lab_orders.TestLabOrdersList" name="test_list_lab_orders_returns_200" time="2.676" /><testcase classname="tests.test_lab_orders.TestLabOrdersList" name="test_lab_orders_response_structure" time="2.456" /><testcase classname="tests.test_lab_orders.TestLabOrdersList" name="test_lab_orders_have_enriched_fields" time="2.460" /><testcase classname="tests.test_lab_orders.TestLabOrdersList" name="test_lab_orders_filter_by_status" time="2.463" /><testcase classname="tests.test_lab_orders.TestLabOrdersList" name="test_lab_orders_filter_by_patient" time="2.227" /><testcase classname="tests.test_lab_orders.TestLabOrderCreate" name="test_create_lab_order_success" time="1.365" /><testcase classname="tests.test_lab_orders.TestLabOrderCreate" name="test_create_lab_order_urgent_priority" time="1.349" /><testcase classname="tests.test_lab_orders.TestLabOrderCreate" name="test_create_lab_order_without_patient_fails" time="0.209" /><testcase classname="tests.test_lab_orders.TestLabOrderCreate" name="test_create_lab_order_without_items_succeeds" time="0.817" /><testcase classname="tests.test_lab_orders.TestLabOrderGet" name="test_get_lab_order_by_id" time="3.317" /><testcase classname="tests.test_lab_orders.TestLabOrderGet" name="test_get_nonexistent_lab_order_returns_404" time="0.339"><failure message="AssertionError: Expected 404, got 500&#10;assert 500 == 404&#10; +  where 500 = &lt;Response [500]&gt;.status_code">E   AssertionError: Expected 404, got 500
    assert 500 == 404
     +  where 500 = &lt;Response [500]&gt;.status_code</failure></testcase><testcase classname="tests.test_lab_orders.TestLabOrderPDF" name="test_get_pdf_url_for_existing_order" time="3.609" /><testcase classname="tests.test_lab_orders.TestLabOrderPDF" name="test_get_pdf_url_for_nonexistent_order_returns_404" time="0.269"><failure message="AssertionError: Expected 404, got 500&#10;assert 500 == 404&#10; +  where 500 = &lt;Response [500]&gt;.status_code">E   AssertionError: Expected 404, got 500
    assert 500 == 404
     +  where 500 = &lt;Response [500]&gt;.status_code</failure></testcase><testcase classname="tests.test_lab_orders.TestLabOrderVerifyPersistence" name="test_created_order_appears_in_list" time="4.353" /><testcase classname="tests.test_lab_orders.TestLabOrderVerifyPersistence" name="test_order_items_persisted_correctly" time="1.687" /></testsuite></testsuites>