<?xml version="1.0" encoding="utf-8"?><testsuites name="pytest tests"><testsuite name="pytest" errors="4" failures="22" skipped="0" tests="154" time="149.130" timestamp="2026-04-26T00:40:01.304602+00:00" hostname="agent-env-c6401c92-7c8f-4c58-bad4-cd6488921873"><testcase classname="tests.test_clinic_settings.TestClinicSettingsEndpoints" name="test_get_clinic_settings_returns_200" time="0.770" /><testcase classname="tests.test_clinic_settings.TestClinicSettingsEndpoints" name="test_get_clinic_settings_has_required_fields" time="0.270" /><testcase classname="tests.test_clinic_settings.TestClinicSettingsEndpoints" name="test_clinic_data_is_prefilled" time="0.319" /><testcase classname="tests.test_clinic_settings.TestClinicSettingsEndpoints" name="test_clinic_schedule_fields" time="0.287" /><testcase classname="tests.test_clinic_settings.TestClinicSettingsEndpoints" name="test_clinic_plan_is_professional" time="0.259" /><testcase classname="tests.test_clinic_settings.TestClinicSettingsEndpoints" name="test_update_clinic_settings" time="1.062" /><testcase classname="tests.test_clinic_settings.TestClinicSettingsEndpoints" name="test_update_prescription_settings" time="0.574" /><testcase classname="tests.test_clinic_settings.TestClinicMembersEndpoints" name="test_get_clinic_members_returns_200" time="0.845" /><testcase classname="tests.test_clinic_settings.TestClinicMembersEndpoints" name="test_clinic_members_has_required_fields" time="0.485" /><testcase classname="tests.test_clinic_settings.TestClinicMembersEndpoints" name="test_clinic_has_three_members" time="0.495" /><testcase classname="tests.test_clinic_settings.TestClinicMembersEndpoints" name="test_members_have_emails" time="0.596" /><testcase classname="tests.test_clinic_settings.TestClinicMembersEndpoints" name="test_members_table_columns" time="0.527" /><testcase classname="tests.test_clinic_settings.TestClinicMembersEndpoints" name="test_update_member" time="1.560" /><testcase classname="tests.test_clinic_settings.TestClinicMembersEndpoints" name="test_update_member_license_number" time="1.302" /><testcase classname="tests.test_clinic_settings.TestMemberInviteEndpoint" name="test_invite_member_requires_fields" time="0.640" /><testcase classname="tests.test_clinic_settings.TestMemberInviteEndpoint" name="test_invite_member_with_role_and_specialty" time="0.685" /><testcase classname="tests.test_clinic_settings.TestMemberToggleEndpoint" name="test_toggle_member_status" time="1.573" /><testcase classname="tests.test_clinic_settings.TestMemberToggleEndpoint" name="test_cannot_toggle_self" time="0.778" /><testcase classname="tests.test_clinic_settings.TestGoogleCalendarEndpoints" name="test_gcal_status_endpoint" time="0.611" /><testcase classname="tests.test_clinic_settings.TestGoogleCalendarEndpoints" name="test_gcal_auth_url_endpoint" time="0.248" /><testcase classname="tests.test_clinic_agenda.TestClinicLogin" name="test_clinic_member_login_success" time="0.344" /><testcase classname="tests.test_clinic_agenda.TestClinicLogin" name="test_invalid_credentials" time="0.158" /><testcase classname="tests.test_clinic_agenda.TestClinicConfig" name="test_get_clinic_config" time="0.669" /><testcase classname="tests.test_clinic_agenda.TestClinicConfig" name="test_config_returns_current_member" time="0.335" /><testcase classname="tests.test_clinic_agenda.TestClinicDashboard" name="test_dashboard_returns_kpis" time="1.376"><failure message="AssertionError: assert 'total_patients' in {'activity': [{'message': 'Receta emitida para Maria Garcia', 'timestamp': '2026-04-26T00:22:01.204769+00:00', 'type':...None, 'clinic_id': 'c0321ed8-97da-47a1-b601-3b94bffabdd7', 'created_at': '2026-04-26T00:18:33.774191+00:00', ...}, ...}">E   AssertionError: assert 'total_patients' in {'activity': [{'message': 'Receta emitida para Maria Garcia', 'timestamp': '2026-04-26T00:22:01.204769+00:00', 'type':...None, 'clinic_id': 'c0321ed8-97da-47a1-b601-3b94bffabdd7', 'created_at': '2026-04-26T00:18:33.774191+00:00', ...}, ...}</failure></testcase><testcase classname="tests.test_clinic_agenda.TestClinicDashboard" name="test_dashboard_appointments_enriched" time="1.377" /><testcase classname="tests.test_clinic_agenda.TestPatients" name="test_search_patients" time="0.268" /><testcase classname="tests.test_clinic_agenda.TestPatients" name="test_list_patients" time="0.918"><failure message="AssertionError: assert False&#10; +  where False = isinstance({'limit': 25, 'page': 1, 'pages': 1, 'patients': [{'created_at': '2026-04-16T01:49:10.909066+00:00', 'date_of_birth': ...ed_at': '2026-04-16T01:58:42.612883+00:00', 'date_of_birth': None, 'email': '', 'first_name': 'TEST_Pedro', ...}], ...}, list)">E   AssertionError: assert False
     +  where False = isinstance({'limit': 25, 'page': 1, 'pages': 1, 'patients': [{'created_at': '2026-04-16T01:49:10.909066+00:00', 'date_of_birth': ...ed_at': '2026-04-16T01:58:42.612883+00:00', 'date_of_birth': None, 'email': '', 'first_name': 'TEST_Pedro', ...}], ...}, list)</failure></testcase><testcase classname="tests.test_clinic_agenda.TestPatients" name="test_create_patient" time="0.271" /><testcase classname="tests.test_clinic_agenda.TestAppointments" name="test_list_appointments" time="0.423" /><testcase classname="tests.test_clinic_agenda.TestAppointments" name="test_filter_by_doctor" time="0.472" /><testcase classname="tests.test_clinic_agenda.TestAppointments" name="test_filter_by_status" time="0.514" /><testcase classname="tests.test_clinic_agenda.TestAppointments" name="test_create_appointment_success" time="0.272"><failure message="AssertionError: Create appointment failed: {&quot;detail&quot;:&quot;Fuera del horario de la clinica (08:00:00 - 17:00:00)&quot;}&#10;assert 400 == 200&#10; +  where 400 = &lt;Response [400]&gt;.status_code">E   AssertionError: Create appointment failed: {"detail":"Fuera del horario de la clinica (08:00:00 - 17:00:00)"}
    assert 400 == 200
     +  where 400 = &lt;Response [400]&gt;.status_code</failure></testcase><testcase classname="tests.test_clinic_agenda.TestAppointments" name="test_create_appointment_outside_hours_fails" time="0.261" /><testcase classname="tests.test_clinic_agenda.TestAppointments" name="test_create_appointment_conflict_fails" time="0.258"><failure message="AssertionError: First appointment failed: {&quot;detail&quot;:&quot;Fuera del horario de la clinica (08:00:00 - 17:00:00)&quot;}&#10;assert 400 == 200&#10; +  where 400 = &lt;Response [400]&gt;.status_code">E   AssertionError: First appointment failed: {"detail":"Fuera del horario de la clinica (08:00:00 - 17:00:00)"}
    assert 400 == 200
     +  where 400 = &lt;Response [400]&gt;.status_code</failure></testcase><testcase classname="tests.test_clinic_agenda.TestAppointmentStatus" name="test_confirm_appointment" time="0.325"><error message="failed on setup with &quot;assert 409 == 200&#10; +  where 409 = &lt;Response [409]&gt;.status_code&quot;">E   assert 409 == 200
     +  where 409 = &lt;Response [409]&gt;.status_code</error></testcase><testcase classname="tests.test_clinic_agenda.TestAppointmentStatus" name="test_start_appointment" time="0.320"><error message="failed on setup with &quot;assert 409 == 200&#10; +  where 409 = &lt;Response [409]&gt;.status_code&quot;">E   assert 409 == 200
     +  where 409 = &lt;Response [409]&gt;.status_code</error></testcase><testcase classname="tests.test_clinic_agenda.TestAppointmentStatus" name="test_complete_appointment" time="0.320"><error message="failed on setup with &quot;assert 409 == 200&#10; +  where 409 = &lt;Response [409]&gt;.status_code&quot;">E   assert 409 == 200
     +  where 409 = &lt;Response [409]&gt;.status_code</error></testcase><testcase classname="tests.test_clinic_agenda.TestAppointmentStatus" name="test_cancel_appointment_with_reason" time="0.894" /><testcase classname="tests.test_clinic_agenda.TestAppointmentStatus" name="test_invalid_status_fails" time="0.333"><error message="failed on setup with &quot;assert 409 == 200&#10; +  where 409 = &lt;Response [409]&gt;.status_code&quot;">E   assert 409 == 200
     +  where 409 = &lt;Response [409]&gt;.status_code</error></testcase><testcase classname="tests.test_clinic_agenda.TestAppointmentUpdate" name="test_update_appointment" time="0.282"><failure message="KeyError: 'id'">E   KeyError: 'id'</failure></testcase><testcase classname="tests.test_consultation_templates.TestConsultationTemplates" name="test_01_get_templates_returns_10_global_templates" time="0.715" /><testcase classname="tests.test_consultation_templates.TestConsultationTemplates" name="test_02_templates_have_correct_categories" time="0.665" /><testcase classname="tests.test_consultation_templates.TestConsultationTemplates" name="test_03_consulta_general_adulto_template_structure" time="0.642" /><testcase classname="tests.test_consultation_templates.TestConsultationTemplates" name="test_04_control_diabetes_template_has_diagnosis_e11" time="0.670" /><testcase classname="tests.test_consultation_templates.TestConsultationTemplates" name="test_05_control_hipertension_template_has_diagnosis_i10" time="0.689" /><testcase classname="tests.test_consultation_templates.TestConsultationTemplates" name="test_06_create_clinic_specific_template" time="0.927" /><testcase classname="tests.test_consultation_templates.TestConsultationTemplates" name="test_07_clinic_template_appears_in_list" time="1.248" /><testcase classname="tests.test_consultation_templates.TestConsultationTemplates" name="test_08_delete_clinic_template" time="1.242" /><testcase classname="tests.test_consultation_templates.TestConsultationTemplates" name="test_09_cannot_delete_global_template" time="0.959" /><testcase classname="tests.test_consultation_templates.TestConsultationTemplates" name="test_10_all_10_expected_templates_exist" time="0.704" /><testcase classname="tests.test_feature_flags.TestClinicFeatures" name="test_get_clinic_features_returns_200" time="0.862" /><testcase classname="tests.test_feature_flags.TestClinicFeatures" name="test_get_clinic_features_returns_features_array" time="0.527" /><testcase classname="tests.test_feature_flags.TestClinicFeatures" name="test_get_clinic_features_returns_plan_code" time="0.507" /><testcase classname="tests.test_feature_flags.TestClinicFeatures" name="test_clinic_has_professional_plan" time="0.503" /><testcase classname="tests.test_feature_flags.TestClinicFeatures" name="test_clinic_has_expected_features" time="0.518" /><testcase classname="tests.test_feature_flags.TestAdminPlans" name="test_list_plans_returns_200" time="0.708" /><testcase classname="tests.test_feature_flags.TestAdminPlans" name="test_list_plans_returns_array" time="0.262" /><testcase classname="tests.test_feature_flags.TestAdminPlans" name="test_list_plans_has_three_plans" time="0.264" /><testcase classname="tests.test_feature_flags.TestAdminPlans" name="test_plans_have_required_fields" time="0.258" /><testcase classname="tests.test_feature_flags.TestAdminPlans" name="test_basic_plan_exists" time="0.302" /><testcase classname="tests.test_feature_flags.TestAdminPlans" name="test_professional_plan_exists" time="0.272" /><testcase classname="tests.test_feature_flags.TestAdminPlans" name="test_enterprise_plan_exists" time="0.250" /><testcase classname="tests.test_feature_flags.TestAdminFeatures" name="test_list_features_returns_200" time="0.251" /><testcase classname="tests.test_feature_flags.TestAdminFeatures" name="test_list_features_returns_array" time="0.269" /><testcase classname="tests.test_feature_flags.TestAdminFeatures" name="test_features_have_required_fields" time="0.249" /><testcase classname="tests.test_feature_flags.TestAdminFeatures" name="test_expected_features_exist" time="0.286" /><testcase classname="tests.test_feature_flags.TestPlanFeatures" name="test_get_plan_features_returns_200" time="0.522" /><testcase classname="tests.test_feature_flags.TestPlanFeatures" name="test_get_plan_features_returns_array" time="0.498" /><testcase classname="tests.test_feature_flags.TestClinicFeaturesAdmin" name="test_get_clinic_features_admin_returns_200" time="0.443" /><testcase classname="tests.test_feature_flags.TestClinicFeaturesAdmin" name="test_get_clinic_features_admin_has_features" time="0.468" /><testcase classname="tests.test_feature_flags.TestClinicFeaturesAdmin" name="test_get_clinic_features_admin_has_plan" time="0.442" /><testcase classname="tests.test_feature_flags.TestClinicFeaturesAdmin" name="test_clinic_features_have_in_plan_flag" time="0.449" /><testcase classname="tests.test_feature_flags.TestClinicFeaturesAdmin" name="test_clinic_features_have_override_field" time="0.432" /><testcase classname="tests.test_feature_flags.TestChangePlan" name="test_change_plan_returns_200" time="0.309" /><testcase classname="tests.test_feature_flags.TestChangePlan" name="test_change_plan_requires_plan_field" time="0.219" /><testcase classname="tests.test_feature_flags.TestChangePlan" name="test_change_plan_validates_plan_code" time="0.300"><failure message="AssertionError: Expected 404, got 500&#10;assert 500 == 404&#10; +  where 500 = &lt;Response [500]&gt;.status_code">E   AssertionError: Expected 404, got 500
    assert 500 == 404
     +  where 500 = &lt;Response [500]&gt;.status_code</failure></testcase><testcase classname="tests.test_feature_flags.TestAuthRequired" name="test_clinic_features_requires_auth" time="0.104" /><testcase classname="tests.test_feature_flags.TestAuthRequired" name="test_admin_plans_requires_super_admin" time="0.205" /><testcase classname="tests.test_feature_flags.TestAuthRequired" name="test_admin_features_requires_super_admin" time="0.201" /><testcase classname="tests.test_lab_orders.TestLabStudies" name="test_list_lab_studies_returns_200" time="0.672" /><testcase classname="tests.test_lab_orders.TestLabStudies" name="test_lab_studies_returns_list" time="0.269" /><testcase classname="tests.test_lab_orders.TestLabStudies" name="test_lab_studies_have_required_fields" time="0.278" /><testcase classname="tests.test_lab_orders.TestLabStudies" name="test_lab_studies_grouped_by_category" time="0.275" /><testcase classname="tests.test_lab_orders.TestLabStudies" name="test_lab_studies_have_preparation_instructions" time="0.272" /><testcase classname="tests.test_lab_orders.TestLabOrdersList" name="test_list_lab_orders_returns_200" time="2.324" /><testcase classname="tests.test_lab_orders.TestLabOrdersList" name="test_lab_orders_response_structure" time="2.342" /><testcase classname="tests.test_lab_orders.TestLabOrdersList" name="test_lab_orders_have_enriched_fields" time="2.268" /><testcase classname="tests.test_lab_orders.TestLabOrdersList" name="test_lab_orders_filter_by_status" time="2.379" /><testcase classname="tests.test_lab_orders.TestLabOrdersList" name="test_lab_orders_filter_by_patient" time="2.202" /><testcase classname="tests.test_lab_orders.TestLabOrderCreate" name="test_create_lab_order_success" time="0.488"><failure message="AssertionError: Expected 200/201, got 500: Internal Server Error&#10;assert 500 in [200, 201]&#10; +  where 500 = &lt;Response [500]&gt;.status_code">E   AssertionError: Expected 200/201, got 500: Internal Server Error
    assert 500 in [200, 201]
     +  where 500 = &lt;Response [500]&gt;.status_code</failure></testcase><testcase classname="tests.test_lab_orders.TestLabOrderCreate" name="test_create_lab_order_urgent_priority" time="0.205"><failure message="AssertionError: Expected 200/201, got 500: Internal Server Error&#10;assert 500 in [200, 201]&#10; +  where 500 = &lt;Response [500]&gt;.status_code">E   AssertionError: Expected 200/201, got 500: Internal Server Error
    assert 500 in [200, 201]
     +  where 500 = &lt;Response [500]&gt;.status_code</failure></testcase><testcase classname="tests.test_lab_orders.TestLabOrderCreate" name="test_create_lab_order_without_patient_fails" time="0.229" /><testcase classname="tests.test_lab_orders.TestLabOrderCreate" name="test_create_lab_order_without_items_succeeds" time="0.218" /><testcase classname="tests.test_lab_orders.TestLabOrderGet" name="test_get_lab_order_by_id" time="2.743" /><testcase classname="tests.test_lab_orders.TestLabOrderGet" name="test_get_nonexistent_lab_order_returns_404" time="0.254"><failure message="AssertionError: Expected 404, got 500&#10;assert 500 == 404&#10; +  where 500 = &lt;Response [500]&gt;.status_code">E   AssertionError: Expected 404, got 500
    assert 500 == 404
     +  where 500 = &lt;Response [500]&gt;.status_code</failure></testcase><testcase classname="tests.test_lab_orders.TestLabOrderPDF" name="test_get_pdf_url_for_existing_order" time="2.636" /><testcase classname="tests.test_lab_orders.TestLabOrderPDF" name="test_get_pdf_url_for_nonexistent_order_returns_404" time="0.273"><failure message="AssertionError: Expected 404, got 500&#10;assert 500 == 404&#10; +  where 500 = &lt;Response [500]&gt;.status_code">E   AssertionError: Expected 404, got 500
    assert 500 == 404
     +  where 500 = &lt;Response [500]&gt;.status_code</failure></testcase><testcase classname="tests.test_lab_orders.TestLabOrderVerifyPersistence" name="test_created_order_appears_in_list" time="0.460"><failure message="assert 500 in [200, 201]&#10; +  where 500 = &lt;Response [500]&gt;.status_code">E   assert 500 in [200, 201]
     +  where 500 = &lt;Response [500]&gt;.status_code</failure></testcase><testcase classname="tests.test_lab_orders.TestLabOrderVerifyPersistence" name="test_order_items_persisted_correctly" time="0.479"><failure message="assert 500 in [200, 201]&#10; +  where 500 = &lt;Response [500]&gt;.status_code">E   assert 500 in [200, 201]
     +  where 500 = &lt;Response [500]&gt;.status_code</failure></testcase><testcase classname="tests.test_medical_records.TestMedicalRecordsAPI" name="test_icd10_search_common_codes" time="0.561" /><testcase classname="tests.test_medical_records.TestMedicalRecordsAPI" name="test_icd10_search_diabetes" time="0.548" /><testcase classname="tests.test_medical_records.TestMedicalRecordsAPI" name="test_icd10_search_by_code" time="0.524" /><testcase classname="tests.test_medical_records.TestMedicalRecordsAPI" name="test_create_medical_record_draft" time="0.599" /><testcase classname="tests.test_medical_records.TestMedicalRecordsAPI" name="test_create_medical_record_with_out_of_range_vitals" time="0.579" /><testcase classname="tests.test_medical_records.TestMedicalRecordsAPI" name="test_list_patient_medical_records" time="1.207" /><testcase classname="tests.test_medical_records.TestMedicalRecordsAPI" name="test_list_medical_records_with_filters" time="1.190" /><testcase classname="tests.test_medical_records.TestMedicalRecordsAPI" name="test_get_single_medical_record" time="0.874" /><testcase classname="tests.test_medical_records.TestMedicalRecordsAPI" name="test_update_draft_medical_record" time="1.130" /><testcase classname="tests.test_medical_records.TestMedicalRecordsAPI" name="test_finalize_medical_record" time="1.170" /><testcase classname="tests.test_medical_records.TestMedicalRecordsAPI" name="test_cannot_edit_finalized_record" time="0.772" /><testcase classname="tests.test_medical_records.TestMedicalRecordsAPI" name="test_add_addendum_to_finalized_record" time="1.118" /><testcase classname="tests.test_medical_records.TestMedicalRecordsAPI" name="test_add_multiple_addenda" time="1.354" /><testcase classname="tests.test_medical_records.TestMedicalRecordsAPI" name="test_create_record_invalid_patient" time="0.572"><failure message="AssertionError: Expected 404, got 500&#10;assert 500 == 404&#10; +  where 500 = &lt;Response [500]&gt;.status_code">E   AssertionError: Expected 404, got 500
    assert 500 == 404
     +  where 500 = &lt;Response [500]&gt;.status_code</failure></testcase><testcase classname="tests.test_medical_records.TestMedicalRecordsAPI" name="test_get_nonexistent_record" time="0.534"><failure message="AssertionError: Expected 404, got 500&#10;assert 500 == 404&#10; +  where 500 = &lt;Response [500]&gt;.status_code">E   AssertionError: Expected 404, got 500
    assert 500 == 404
     +  where 500 = &lt;Response [500]&gt;.status_code</failure></testcase><testcase classname="tests.test_prescriptions.TestPrescriptionsModule" name="test_medication_search_returns_results" time="2.935" /><testcase classname="tests.test_prescriptions.TestPrescriptionsModule" name="test_medication_search_empty_query" time="2.911" /><testcase classname="tests.test_prescriptions.TestPrescriptionsModule" name="test_medication_search_short_query" time="2.874" /><testcase classname="tests.test_prescriptions.TestPrescriptionsModule" name="test_patient_search_returns_results" time="2.959" /><testcase classname="tests.test_prescriptions.TestPrescriptionsModule" name="test_list_prescriptions" time="5.886" /><testcase classname="tests.test_prescriptions.TestPrescriptionsModule" name="test_list_prescriptions_filter_by_status" time="4.797" /><testcase classname="tests.test_prescriptions.TestPrescriptionsModule" name="test_list_prescriptions_filter_by_patient" time="5.697" /><testcase classname="tests.test_prescriptions.TestPrescriptionsModule" name="test_get_prescription_by_id" time="3.368" /><testcase classname="tests.test_prescriptions.TestPrescriptionsModule" name="test_get_prescription_not_found" time="3.101"><failure message="AssertionError: Expected 404, got 500&#10;assert 500 == 404&#10; +  where 500 = &lt;Response [500]&gt;.status_code">E   AssertionError: Expected 404, got 500
    assert 500 == 404
     +  where 500 = &lt;Response [500]&gt;.status_code</failure></testcase><testcase classname="tests.test_prescriptions.TestPrescriptionsModule" name="test_create_prescription_draft" time="3.070"><failure message="AssertionError: Create prescription failed: Internal Server Error&#10;assert 500 == 200&#10; +  where 500 = &lt;Response [500]&gt;.status_code">E   AssertionError: Create prescription failed: Internal Server Error
    assert 500 == 200
     +  where 500 = &lt;Response [500]&gt;.status_code</failure></testcase><testcase classname="tests.test_prescriptions.TestPrescriptionsModule" name="test_create_prescription_issued_generates_pdf" time="2.983"><failure message="AssertionError: Create issued prescription failed: Internal Server Error&#10;assert 500 == 200&#10; +  where 500 = &lt;Response [500]&gt;.status_code">E   AssertionError: Create issued prescription failed: Internal Server Error
    assert 500 == 200
     +  where 500 = &lt;Response [500]&gt;.status_code</failure></testcase><testcase classname="tests.test_prescriptions.TestPrescriptionsModule" name="test_create_prescription_without_patient_fails" time="3.112" /><testcase classname="tests.test_prescriptions.TestPrescriptionsModule" name="test_update_draft_prescription" time="3.098"><failure message="assert 500 == 200&#10; +  where 500 = &lt;Response [500]&gt;.status_code">E   assert 500 == 200
     +  where 500 = &lt;Response [500]&gt;.status_code</failure></testcase><testcase classname="tests.test_prescriptions.TestPrescriptionsModule" name="test_update_draft_to_issued" time="3.048"><failure message="assert 500 == 200&#10; +  where 500 = &lt;Response [500]&gt;.status_code">E   assert 500 == 200
     +  where 500 = &lt;Response [500]&gt;.status_code</failure></testcase><testcase classname="tests.test_prescriptions.TestPrescriptionsModule" name="test_cannot_update_issued_prescription" time="3.080"><failure message="AssertionError: Expected 400, got 500&#10;assert 500 == 400&#10; +  where 500 = &lt;Response [500]&gt;.status_code">E   AssertionError: Expected 400, got 500
    assert 500 == 400
     +  where 500 = &lt;Response [500]&gt;.status_code</failure></testcase><testcase classname="tests.test_prescriptions.TestPrescriptionsModule" name="test_get_pdf_url_for_issued_prescription" time="3.323" /><testcase classname="tests.test_prescriptions.TestPrescriptionsModule" name="test_mark_prescription_sent_whatsapp" time="3.019"><failure message="assert 500 == 200&#10; +  where 500 = &lt;Response [500]&gt;.status_code">E   assert 500 == 200
     +  where 500 = &lt;Response [500]&gt;.status_code</failure></testcase><testcase classname="tests.test_prescriptions.TestPrescriptionsModule" name="test_create_clinic_medication" time="3.362" /><testcase classname="tests.test_crm_api.TestHealthCheck" name="test_health_endpoint" time="0.107" /><testcase classname="tests.test_crm_api.TestHealthCheck" name="test_root_endpoint" time="0.097" /><testcase classname="tests.test_crm_api.TestAuthentication" name="test_super_admin_login_success" time="0.292" /><testcase classname="tests.test_crm_api.TestAuthentication" name="test_clinic_member_login_success" time="0.339" /><testcase classname="tests.test_crm_api.TestAuthentication" name="test_login_invalid_credentials" time="0.153" /><testcase classname="tests.test_crm_api.TestAuthentication" name="test_login_missing_fields" time="0.106" /><testcase classname="tests.test_crm_api.TestDashboard" name="test_dashboard_stats" time="1.057" /><testcase classname="tests.test_crm_api.TestDashboard" name="test_dashboard_requires_auth" time="0.121" /><testcase classname="tests.test_crm_api.TestClinics" name="test_list_clinics" time="0.676" /><testcase classname="tests.test_crm_api.TestClinics" name="test_list_clinics_with_filters" time="0.561" /><testcase classname="tests.test_crm_api.TestClinics" name="test_get_clinic_detail" time="0.991" /><testcase classname="tests.test_crm_api.TestClinics" name="test_get_nonexistent_clinic" time="0.255"><failure message="assert 500 == 404&#10; +  where 500 = &lt;Response [500]&gt;.status_code">E   assert 500 == 404
     +  where 500 = &lt;Response [500]&gt;.status_code</failure></testcase><testcase classname="tests.test_crm_api.TestUsers" name="test_list_users" time="0.643" /><testcase classname="tests.test_crm_api.TestUsers" name="test_list_users_with_filters" time="0.504" /><testcase classname="tests.test_crm_api.TestCatalogMedications" name="test_list_medications" time="0.255" /><testcase classname="tests.test_crm_api.TestCatalogMedications" name="test_create_medication" time="0.249" /><testcase classname="tests.test_crm_api.TestCatalogLabStudies" name="test_list_lab_studies" time="0.274" /><testcase classname="tests.test_crm_api.TestCatalogLabStudies" name="test_create_lab_study" time="0.252" /><testcase classname="tests.test_crm_api.TestCatalogICD10" name="test_list_icd10_codes" time="0.325" /><testcase classname="tests.test_crm_api.TestCatalogICD10" name="test_toggle_icd10_common" time="0.941" /><testcase classname="tests.test_crm_api.TestCreateClinic" name="test_create_clinic_with_admin" time="0.466" /></testsuite></testsuites>