<?xml version="1.0" encoding="utf-8"?><testsuites name="pytest tests"><testsuite name="pytest" errors="0" failures="2" skipped="0" tests="20" time="26.427" timestamp="2026-04-17T03:19:35.052977+00:00" hostname="agent-env-c6401c92-7c8f-4c58-bad4-cd6488921873"><testcase classname="backend.tests.test_lab_orders.TestLabStudies" name="test_list_lab_studies_returns_200" time="0.882" /><testcase classname="backend.tests.test_lab_orders.TestLabStudies" name="test_lab_studies_returns_list" time="0.372" /><testcase classname="backend.tests.test_lab_orders.TestLabStudies" name="test_lab_studies_have_required_fields" time="0.345" /><testcase classname="backend.tests.test_lab_orders.TestLabStudies" name="test_lab_studies_grouped_by_category" time="0.297" /><testcase classname="backend.tests.test_lab_orders.TestLabStudies" name="test_lab_studies_have_preparation_instructions" time="0.336" /><testcase classname="backend.tests.test_lab_orders.TestLabOrdersList" name="test_list_lab_orders_returns_200" time="0.984" /><testcase classname="backend.tests.test_lab_orders.TestLabOrdersList" name="test_lab_orders_response_structure" time="0.957" /><testcase classname="backend.tests.test_lab_orders.TestLabOrdersList" name="test_lab_orders_have_enriched_fields" time="0.903" /><testcase classname="backend.tests.test_lab_orders.TestLabOrdersList" name="test_lab_orders_filter_by_status" time="0.904" /><testcase classname="backend.tests.test_lab_orders.TestLabOrdersList" name="test_lab_orders_filter_by_patient" time="0.953" /><testcase classname="backend.tests.test_lab_orders.TestLabOrderCreate" name="test_create_lab_order_success" time="3.267" /><testcase classname="backend.tests.test_lab_orders.TestLabOrderCreate" name="test_create_lab_order_urgent_priority" time="3.926" /><testcase classname="backend.tests.test_lab_orders.TestLabOrderCreate" name="test_create_lab_order_without_patient_fails" time="0.726" /><testcase classname="backend.tests.test_lab_orders.TestLabOrderCreate" name="test_create_lab_order_without_items_succeeds" time="1.556" /><testcase classname="backend.tests.test_lab_orders.TestLabOrderGet" name="test_get_lab_order_by_id" time="2.065" /><testcase classname="backend.tests.test_lab_orders.TestLabOrderGet" name="test_get_nonexistent_lab_order_returns_404" time="0.323"><failure message="AssertionError: Expected 404, got 500&#10;assert 500 == 404&#10; +  where 500 = &lt;Response [500]&gt;.status_code">backend/tests/test_lab_orders.py:298: in test_get_nonexistent_lab_order_returns_404
    assert response.status_code == 404, f"Expected 404, got {response.status_code}"
E   AssertionError: Expected 404, got 500
E   assert 500 == 404
E    +  where 500 = &lt;Response [500]&gt;.status_code</failure></testcase><testcase classname="backend.tests.test_lab_orders.TestLabOrderPDF" name="test_get_pdf_url_for_existing_order" time="1.911" /><testcase classname="backend.tests.test_lab_orders.TestLabOrderPDF" name="test_get_pdf_url_for_nonexistent_order_returns_404" time="0.320"><failure message="AssertionError: Expected 404, got 500&#10;assert 500 == 404&#10; +  where 500 = &lt;Response [500]&gt;.status_code">backend/tests/test_lab_orders.py:330: in test_get_pdf_url_for_nonexistent_order_returns_404
    assert response.status_code == 404, f"Expected 404, got {response.status_code}"
E   AssertionError: Expected 404, got 500
E   assert 500 == 404
E    +  where 500 = &lt;Response [500]&gt;.status_code</failure></testcase><testcase classname="backend.tests.test_lab_orders.TestLabOrderVerifyPersistence" name="test_created_order_appears_in_list" time="3.151" /><testcase classname="backend.tests.test_lab_orders.TestLabOrderVerifyPersistence" name="test_order_items_persisted_correctly" time="2.120" /></testsuite></testsuites>