<?xml version="1.0" encoding="utf-8"?><testsuites name="pytest tests"><testsuite name="pytest" errors="0" failures="5" skipped="0" tests="28" time="13.995" timestamp="2026-04-25T22:49:49.511596+00:00" hostname="agent-env-c6401c92-7c8f-4c58-bad4-cd6488921873"><testcase classname="backend.tests.test_sales.TestFeature" name="test_sales_feature_enabled" time="1.040" /><testcase classname="backend.tests.test_sales.TestServices" name="test_create_service" time="0.265" /><testcase classname="backend.tests.test_sales.TestServices" name="test_create_service_2" time="0.254" /><testcase classname="backend.tests.test_sales.TestServices" name="test_list_services" time="0.257" /><testcase classname="backend.tests.test_sales.TestServices" name="test_update_service" time="0.500" /><testcase classname="backend.tests.test_sales.TestCashRegisters" name="test_create_register_requires_branch" time="0.245" /><testcase classname="backend.tests.test_sales.TestCashRegisters" name="test_create_register" time="0.635" /><testcase classname="backend.tests.test_sales.TestCashRegisters" name="test_list_registers" time="0.291" /><testcase classname="backend.tests.test_sales.TestCashSession" name="test_no_current_session_initially" time="0.245" /><testcase classname="backend.tests.test_sales.TestCashSession" name="test_open_session_requires_register" time="0.244" /><testcase classname="backend.tests.test_sales.TestCashSession" name="test_open_session" time="0.293" /><testcase classname="backend.tests.test_sales.TestCashSession" name="test_double_open_blocked" time="0.254" /><testcase classname="backend.tests.test_sales.TestCashSession" name="test_get_current_session" time="0.350" /><testcase classname="backend.tests.test_sales.TestSales" name="test_create_sale_cash_exact" time="0.675" /><testcase classname="backend.tests.test_sales.TestSales" name="test_create_sale_partial_pending" time="0.660" /><testcase classname="backend.tests.test_sales.TestSales" name="test_create_sale_mixed_card_cash" time="0.402"><failure message="AssertionError: {&quot;detail&quot;:&quot;Error: {'message': 'invalid input value for enum payment_method: \&quot;card\&quot;', 'code': '22P02', 'hint': None, 'details': None}&quot;}&#10;assert 500 == 200&#10; +  where 500 = &lt;Response [500]&gt;.status_code">E   AssertionError: {"detail":"Error: {'message': 'invalid input value for enum payment_method: \"card\"', 'code': '22P02', 'hint': None, 'details': None}"}
    assert 500 == 200
     +  where 500 = &lt;Response [500]&gt;.status_code</failure></testcase><testcase classname="backend.tests.test_sales.TestSales" name="test_create_sale_requires_items" time="0.248" /><testcase classname="backend.tests.test_sales.TestSales" name="test_get_sale_detail" time="0.405" /><testcase classname="backend.tests.test_sales.TestSales" name="test_list_sales_today" time="0.808"><failure message="KeyError: 'sale_id_mixed'">E   KeyError: 'sale_id_mixed'</failure></testcase><testcase classname="backend.tests.test_sales.TestSales" name="test_daily_summary" time="0.293"><failure message="assert 480.0 &gt;= ((280 + 200) + 260)">E   assert 480.0 &gt;= ((280 + 200) + 260)</failure></testcase><testcase classname="backend.tests.test_sales.TestSales" name="test_cancel_sale" time="0.828" /><testcase classname="backend.tests.test_sales.TestSales" name="test_cancel_already_cancelled" time="0.251" /><testcase classname="backend.tests.test_sales.TestSales" name="test_pdf_url" time="2.726"><failure message="AssertionError: PDF url should not be empty&#10;assert ''">E   AssertionError: PDF url should not be empty
    assert ''</failure></testcase><testcase classname="backend.tests.test_sales.TestCloseSession" name="test_summary" time="0.369"><failure message="assert 280.0 &gt;= 540">E   assert 280.0 &gt;= 540</failure></testcase><testcase classname="backend.tests.test_sales.TestCloseSession" name="test_close_session" time="0.746" /><testcase classname="backend.tests.test_sales.TestCloseSession" name="test_close_session_already_closed" time="0.260" /><testcase classname="backend.tests.test_sales.TestCloseSession" name="test_current_after_close" time="0.259" /><testcase classname="backend.tests.test_sales.TestAuth" name="test_requires_auth" time="0.121" /></testsuite></testsuites>