<?xml version="1.0" encoding="utf-8"?><testsuites name="pytest tests"><testsuite name="pytest" errors="0" failures="0" skipped="0" tests="16" time="11.841" timestamp="2026-04-25T23:14:24.093599+00:00" hostname="agent-env-c6401c92-7c8f-4c58-bad4-cd6488921873"><testcase classname="backend.tests.test_accounts_receivable.TestSaleCreatesAR" name="test_create_sale_with_balance_creates_ar" time="4.550" /><testcase classname="backend.tests.test_accounts_receivable.TestDashboard" name="test_dashboard_keys" time="0.261" /><testcase classname="backend.tests.test_accounts_receivable.TestAging" name="test_aging_buckets" time="0.264" /><testcase classname="backend.tests.test_accounts_receivable.TestList" name="test_list_default" time="0.470" /><testcase classname="backend.tests.test_accounts_receivable.TestList" name="test_list_filter_status_pending" time="0.351" /><testcase classname="backend.tests.test_accounts_receivable.TestList" name="test_list_only_overdue_no_crash" time="0.359" /><testcase classname="backend.tests.test_accounts_receivable.TestList" name="test_list_search" time="0.438" /><testcase classname="backend.tests.test_accounts_receivable.TestDetail" name="test_detail_has_sale_and_payments" time="0.553" /><testcase classname="backend.tests.test_accounts_receivable.TestRegisterPayment" name="test_invalid_method_card" time="0.204" /><testcase classname="backend.tests.test_accounts_receivable.TestRegisterPayment" name="test_invalid_method_bogus" time="0.209" /><testcase classname="backend.tests.test_accounts_receivable.TestRegisterPayment" name="test_invalid_amount_zero" time="0.203" /><testcase classname="backend.tests.test_accounts_receivable.TestRegisterPayment" name="test_register_partial_payment_syncs_sale" time="1.429" /><testcase classname="backend.tests.test_accounts_receivable.TestPaymentPlan" name="test_plan_min_installments" time="0.203" /><testcase classname="backend.tests.test_accounts_receivable.TestPaymentPlan" name="test_plan_missing_first_due" time="0.208" /><testcase classname="backend.tests.test_accounts_receivable.TestPaymentPlan" name="test_plan_create_3_monthly" time="1.130" /><testcase classname="backend.tests.test_accounts_receivable.TestInstallments" name="test_list_pending_installments" time="0.917" /></testsuite></testsuites>