<?xml version="1.0" encoding="utf-8"?><testsuites name="pytest tests"><testsuite name="pytest" errors="0" failures="0" skipped="0" tests="21" time="16.518" timestamp="2026-04-26T00:02:36.260228+00:00" hostname="agent-env-c6401c92-7c8f-4c58-bad4-cd6488921873"><testcase classname="backend.tests.test_reports.TestReportsAuth" name="test_executive_summary_requires_auth" time="0.194" /><testcase classname="backend.tests.test_reports.TestReportsAuth" name="test_income_requires_auth" time="0.050" /><testcase classname="backend.tests.test_reports.TestReportsAuth" name="test_pnl_requires_auth" time="0.045" /><testcase classname="backend.tests.test_reports.TestReportsAuth" name="test_inventory_requires_auth" time="0.049" /><testcase classname="backend.tests.test_reports.TestReportsAuth" name="test_by_branch_requires_auth" time="0.046" /><testcase classname="backend.tests.test_reports.TestExecutiveSummary" name="test_current_month_structure" time="2.264" /><testcase classname="backend.tests.test_reports.TestExecutiveSummary" name="test_other_periods_status_200[previous_month]" time="1.709" /><testcase classname="backend.tests.test_reports.TestExecutiveSummary" name="test_other_periods_status_200[quarter]" time="1.840" /><testcase classname="backend.tests.test_reports.TestExecutiveSummary" name="test_other_periods_status_200[year]" time="1.869" /><testcase classname="backend.tests.test_reports.TestExecutiveSummary" name="test_custom_period_with_dates" time="1.695" /><testcase classname="backend.tests.test_reports.TestIncomeReport" name="test_income_default" time="0.546" /><testcase classname="backend.tests.test_reports.TestIncomeReport" name="test_grouping_supported[day]" time="0.526" /><testcase classname="backend.tests.test_reports.TestIncomeReport" name="test_grouping_supported[week]" time="0.519" /><testcase classname="backend.tests.test_reports.TestIncomeReport" name="test_grouping_supported[month]" time="0.533" /><testcase classname="backend.tests.test_reports.TestPnL" name="test_pnl_structure" time="0.480" /><testcase classname="backend.tests.test_reports.TestPnL" name="test_pnl_pdf_returns_signed_url" time="1.402" /><testcase classname="backend.tests.test_reports.TestInventoryReport" name="test_inventory_structure" time="0.552" /><testcase classname="backend.tests.test_reports.TestInventoryReport" name="test_no_movement_filter[30]" time="0.527" /><testcase classname="backend.tests.test_reports.TestInventoryReport" name="test_no_movement_filter[60]" time="0.536" /><testcase classname="backend.tests.test_reports.TestInventoryReport" name="test_no_movement_filter[90]" time="0.539" /><testcase classname="backend.tests.test_reports.TestByBranch" name="test_by_branch_structure" time="0.501" /></testsuite></testsuites>