<?xml version="1.0" encoding="utf-8"?><testsuites name="pytest tests"><testsuite name="pytest" errors="0" failures="0" skipped="0" tests="20" time="15.679" timestamp="2026-04-20T01:03:49.365747+00:00" hostname="agent-env-c6401c92-7c8f-4c58-bad4-cd6488921873"><testcase classname="backend.tests.test_clinic_settings.TestClinicSettingsEndpoints" name="test_get_clinic_settings_returns_200" time="0.954" /><testcase classname="backend.tests.test_clinic_settings.TestClinicSettingsEndpoints" name="test_get_clinic_settings_has_required_fields" time="0.332" /><testcase classname="backend.tests.test_clinic_settings.TestClinicSettingsEndpoints" name="test_clinic_data_is_prefilled" time="0.339" /><testcase classname="backend.tests.test_clinic_settings.TestClinicSettingsEndpoints" name="test_clinic_schedule_fields" time="0.322" /><testcase classname="backend.tests.test_clinic_settings.TestClinicSettingsEndpoints" name="test_clinic_plan_is_professional" time="0.381" /><testcase classname="backend.tests.test_clinic_settings.TestClinicSettingsEndpoints" name="test_update_clinic_settings" time="1.337" /><testcase classname="backend.tests.test_clinic_settings.TestClinicSettingsEndpoints" name="test_update_prescription_settings" time="0.736" /><testcase classname="backend.tests.test_clinic_settings.TestClinicMembersEndpoints" name="test_get_clinic_members_returns_200" time="0.899" /><testcase classname="backend.tests.test_clinic_settings.TestClinicMembersEndpoints" name="test_clinic_members_has_required_fields" time="0.549" /><testcase classname="backend.tests.test_clinic_settings.TestClinicMembersEndpoints" name="test_clinic_has_three_members" time="0.513" /><testcase classname="backend.tests.test_clinic_settings.TestClinicMembersEndpoints" name="test_members_have_emails" time="0.505" /><testcase classname="backend.tests.test_clinic_settings.TestClinicMembersEndpoints" name="test_members_table_columns" time="0.492" /><testcase classname="backend.tests.test_clinic_settings.TestClinicMembersEndpoints" name="test_update_member" time="1.688" /><testcase classname="backend.tests.test_clinic_settings.TestClinicMembersEndpoints" name="test_update_member_license_number" time="1.378" /><testcase classname="backend.tests.test_clinic_settings.TestMemberInviteEndpoint" name="test_invite_member_requires_fields" time="0.819" /><testcase classname="backend.tests.test_clinic_settings.TestMemberInviteEndpoint" name="test_invite_member_with_role_and_specialty" time="0.710" /><testcase classname="backend.tests.test_clinic_settings.TestMemberToggleEndpoint" name="test_toggle_member_status" time="1.801" /><testcase classname="backend.tests.test_clinic_settings.TestMemberToggleEndpoint" name="test_cannot_toggle_self" time="0.815" /><testcase classname="backend.tests.test_clinic_settings.TestGoogleCalendarEndpoints" name="test_gcal_status_endpoint" time="0.743" /><testcase classname="backend.tests.test_clinic_settings.TestGoogleCalendarEndpoints" name="test_gcal_auth_url_endpoint" time="0.282" /></testsuite></testsuites>