<?xml version="1.0" encoding="utf-8"?><testsuites name="pytest tests"><testsuite name="pytest" errors="0" failures="2" skipped="0" tests="15" time="16.604" timestamp="2026-04-17T02:23:46.232530+00:00" hostname="agent-env-c6401c92-7c8f-4c58-bad4-cd6488921873"><testcase classname="backend.tests.test_medical_records.TestMedicalRecordsAPI" name="test_icd10_search_common_codes" time="0.898" /><testcase classname="backend.tests.test_medical_records.TestMedicalRecordsAPI" name="test_icd10_search_diabetes" time="0.610" /><testcase classname="backend.tests.test_medical_records.TestMedicalRecordsAPI" name="test_icd10_search_by_code" time="0.658" /><testcase classname="backend.tests.test_medical_records.TestMedicalRecordsAPI" name="test_create_medical_record_draft" time="0.817" /><testcase classname="backend.tests.test_medical_records.TestMedicalRecordsAPI" name="test_create_medical_record_with_out_of_range_vitals" time="0.731" /><testcase classname="backend.tests.test_medical_records.TestMedicalRecordsAPI" name="test_list_patient_medical_records" time="1.311" /><testcase classname="backend.tests.test_medical_records.TestMedicalRecordsAPI" name="test_list_medical_records_with_filters" time="1.230" /><testcase classname="backend.tests.test_medical_records.TestMedicalRecordsAPI" name="test_get_single_medical_record" time="1.090" /><testcase classname="backend.tests.test_medical_records.TestMedicalRecordsAPI" name="test_update_draft_medical_record" time="1.478" /><testcase classname="backend.tests.test_medical_records.TestMedicalRecordsAPI" name="test_finalize_medical_record" time="1.392" /><testcase classname="backend.tests.test_medical_records.TestMedicalRecordsAPI" name="test_cannot_edit_finalized_record" time="1.117" /><testcase classname="backend.tests.test_medical_records.TestMedicalRecordsAPI" name="test_add_addendum_to_finalized_record" time="1.605" /><testcase classname="backend.tests.test_medical_records.TestMedicalRecordsAPI" name="test_add_multiple_addenda" time="1.855" /><testcase classname="backend.tests.test_medical_records.TestMedicalRecordsAPI" name="test_create_record_invalid_patient" time="0.884"><failure message="AssertionError: Expected 404, got 500&#10;assert 500 == 404&#10; +  where 500 = &lt;Response [500]&gt;.status_code">backend/tests/test_medical_records.py:347: in test_create_record_invalid_patient
    assert response.status_code == 404, f"Expected 404, got {response.status_code}"
E   AssertionError: Expected 404, got 500
E   assert 500 == 404
E    +  where 500 = &lt;Response [500]&gt;.status_code</failure></testcase><testcase classname="backend.tests.test_medical_records.TestMedicalRecordsAPI" name="test_get_nonexistent_record" time="0.818"><failure message="AssertionError: Expected 404, got 500&#10;assert 500 == 404&#10; +  where 500 = &lt;Response [500]&gt;.status_code">backend/tests/test_medical_records.py:353: in test_get_nonexistent_record
    assert response.status_code == 404, f"Expected 404, got {response.status_code}"
E   AssertionError: Expected 404, got 500
E   assert 500 == 404
E    +  where 500 = &lt;Response [500]&gt;.status_code</failure></testcase></testsuite></testsuites>