<?xml version="1.0" encoding="utf-8"?><testsuites name="pytest tests"><testsuite name="pytest" errors="0" failures="1" skipped="0" tests="21" time="9.808" timestamp="2026-04-10T03:26:54.741792+00:00" hostname="agent-env-c6401c92-7c8f-4c58-bad4-cd6488921873"><testcase classname="backend.tests.test_crm_api.TestHealthCheck" name="test_health_endpoint" time="0.230" /><testcase classname="backend.tests.test_crm_api.TestHealthCheck" name="test_root_endpoint" time="0.143" /><testcase classname="backend.tests.test_crm_api.TestAuthentication" name="test_super_admin_login_success" time="0.491" /><testcase classname="backend.tests.test_crm_api.TestAuthentication" name="test_clinic_member_login_success" time="0.422" /><testcase classname="backend.tests.test_crm_api.TestAuthentication" name="test_login_invalid_credentials" time="0.192" /><testcase classname="backend.tests.test_crm_api.TestAuthentication" name="test_login_missing_fields" time="0.127" /><testcase classname="backend.tests.test_crm_api.TestDashboard" name="test_dashboard_stats" time="1.147" /><testcase classname="backend.tests.test_crm_api.TestDashboard" name="test_dashboard_requires_auth" time="0.147" /><testcase classname="backend.tests.test_crm_api.TestClinics" name="test_list_clinics" time="0.470" /><testcase classname="backend.tests.test_crm_api.TestClinics" name="test_list_clinics_with_filters" time="0.458" /><testcase classname="backend.tests.test_crm_api.TestClinics" name="test_get_clinic_detail" time="1.050" /><testcase classname="backend.tests.test_crm_api.TestClinics" name="test_get_nonexistent_clinic" time="0.318"><failure message="assert 500 == 404&#10; +  where 500 = &lt;Response [500]&gt;.status_code">backend/tests/test_crm_api.py:203: in test_get_nonexistent_clinic
    assert response.status_code == 404
E   assert 500 == 404
E    +  where 500 = &lt;Response [500]&gt;.status_code</failure></testcase><testcase classname="backend.tests.test_crm_api.TestUsers" name="test_list_users" time="0.530" /><testcase classname="backend.tests.test_crm_api.TestUsers" name="test_list_users_with_filters" time="0.432" /><testcase classname="backend.tests.test_crm_api.TestCatalogMedications" name="test_list_medications" time="0.344" /><testcase classname="backend.tests.test_crm_api.TestCatalogMedications" name="test_create_medication" time="0.340" /><testcase classname="backend.tests.test_crm_api.TestCatalogLabStudies" name="test_list_lab_studies" time="0.333" /><testcase classname="backend.tests.test_crm_api.TestCatalogLabStudies" name="test_create_lab_study" time="0.342" /><testcase classname="backend.tests.test_crm_api.TestCatalogICD10" name="test_list_icd10_codes" time="0.410" /><testcase classname="backend.tests.test_crm_api.TestCatalogICD10" name="test_toggle_icd10_common" time="1.195" /><testcase classname="backend.tests.test_crm_api.TestCreateClinic" name="test_create_clinic_with_admin" time="0.558" /></testsuite></testsuites>