<?xml version="1.0" encoding="utf-8"?><testsuites name="pytest tests"><testsuite name="pytest" errors="3" failures="0" skipped="0" tests="21" time="11.515" timestamp="2026-04-16T01:55:51.707675+00:00" hostname="agent-env-c6401c92-7c8f-4c58-bad4-cd6488921873"><testcase classname="backend.tests.test_clinic_agenda.TestClinicLogin" name="test_clinic_member_login_success" time="0.556" /><testcase classname="backend.tests.test_clinic_agenda.TestClinicLogin" name="test_invalid_credentials" time="0.220" /><testcase classname="backend.tests.test_clinic_agenda.TestClinicConfig" name="test_get_clinic_config" time="0.810" /><testcase classname="backend.tests.test_clinic_agenda.TestClinicConfig" name="test_config_returns_current_member" time="0.370" /><testcase classname="backend.tests.test_clinic_agenda.TestClinicDashboard" name="test_dashboard_returns_kpis" time="0.566" /><testcase classname="backend.tests.test_clinic_agenda.TestClinicDashboard" name="test_dashboard_appointments_enriched" time="0.565" /><testcase classname="backend.tests.test_clinic_agenda.TestPatients" name="test_search_patients" time="0.313" /><testcase classname="backend.tests.test_clinic_agenda.TestPatients" name="test_list_patients" time="0.324" /><testcase classname="backend.tests.test_clinic_agenda.TestPatients" name="test_create_patient" time="0.321" /><testcase classname="backend.tests.test_clinic_agenda.TestAppointments" name="test_list_appointments" time="0.408" /><testcase classname="backend.tests.test_clinic_agenda.TestAppointments" name="test_filter_by_doctor" time="0.407" /><testcase classname="backend.tests.test_clinic_agenda.TestAppointments" name="test_filter_by_status" time="0.459" /><testcase classname="backend.tests.test_clinic_agenda.TestAppointments" name="test_create_appointment_success" time="0.573" /><testcase classname="backend.tests.test_clinic_agenda.TestAppointments" name="test_create_appointment_outside_hours_fails" time="0.382" /><testcase classname="backend.tests.test_clinic_agenda.TestAppointments" name="test_create_appointment_conflict_fails" time="0.892" /><testcase classname="backend.tests.test_clinic_agenda.TestAppointmentStatus" name="test_confirm_appointment" time="0.915" /><testcase classname="backend.tests.test_clinic_agenda.TestAppointmentStatus" name="test_start_appointment" time="0.445"><error message="failed on setup with &quot;assert 409 == 200&#10; +  where 409 = &lt;Response [409]&gt;.status_code&quot;">backend/tests/test_clinic_agenda.py:316: in test_appointment
    assert response.status_code == 200
E   assert 409 == 200
E    +  where 409 = &lt;Response [409]&gt;.status_code</error></testcase><testcase classname="backend.tests.test_clinic_agenda.TestAppointmentStatus" name="test_complete_appointment" time="0.397"><error message="failed on setup with &quot;assert 409 == 200&#10; +  where 409 = &lt;Response [409]&gt;.status_code&quot;">backend/tests/test_clinic_agenda.py:316: in test_appointment
    assert response.status_code == 200
E   assert 409 == 200
E    +  where 409 = &lt;Response [409]&gt;.status_code</error></testcase><testcase classname="backend.tests.test_clinic_agenda.TestAppointmentStatus" name="test_cancel_appointment_with_reason" time="0.926" /><testcase classname="backend.tests.test_clinic_agenda.TestAppointmentStatus" name="test_invalid_status_fails" time="0.400"><error message="failed on setup with &quot;assert 409 == 200&#10; +  where 409 = &lt;Response [409]&gt;.status_code&quot;">backend/tests/test_clinic_agenda.py:316: in test_appointment
    assert response.status_code == 200
E   assert 409 == 200
E    +  where 409 = &lt;Response [409]&gt;.status_code</error></testcase><testcase classname="backend.tests.test_clinic_agenda.TestAppointmentUpdate" name="test_update_appointment" time="1.136" /></testsuite></testsuites>