<?xml version="1.0" encoding="utf-8"?><testsuites name="pytest tests"><testsuite name="pytest" errors="0" failures="0" skipped="0" tests="15" time="5.916" timestamp="2026-04-25T23:25:33.617680+00:00" hostname="agent-env-c6401c92-7c8f-4c58-bad4-cd6488921873"><testcase classname="backend.tests.test_expenses.TestExpensesDashboard" name="test_dashboard_keys" time="0.852" /><testcase classname="backend.tests.test_expenses.TestExpensesList" name="test_list_basic" time="0.374" /><testcase classname="backend.tests.test_expenses.TestExpensesList" name="test_list_filter_category" time="0.378" /><testcase classname="backend.tests.test_expenses.TestExpensesCreateValidation" name="test_create_invalid_category" time="0.220" /><testcase classname="backend.tests.test_expenses.TestExpensesCreateValidation" name="test_create_invalid_payment_method" time="0.240" /><testcase classname="backend.tests.test_expenses.TestExpensesCreateValidation" name="test_create_invalid_payment_status" time="0.212" /><testcase classname="backend.tests.test_expenses.TestExpensesCreateValidation" name="test_create_missing_description" time="0.221" /><testcase classname="backend.tests.test_expenses.TestExpensesFullFlow" name="test_create_with_total_calc" time="0.325" /><testcase classname="backend.tests.test_expenses.TestExpensesFullFlow" name="test_appears_in_list" time="0.310" /><testcase classname="backend.tests.test_expenses.TestExpensesFullFlow" name="test_update_recomputes_total" time="0.633" /><testcase classname="backend.tests.test_expenses.TestExpensesFullFlow" name="test_upload_attachment" time="0.738" /><testcase classname="backend.tests.test_expenses.TestExpensesFullFlow" name="test_get_attachment_signed_url" time="0.440" /><testcase classname="backend.tests.test_expenses.TestExpensesFullFlow" name="test_delete_cleanup" time="0.302" /><testcase classname="backend.tests.test_expenses.TestExpensesReports" name="test_by_category_format" time="0.320" /><testcase classname="backend.tests.test_expenses.TestExpensesReports" name="test_by_supplier_format" time="0.264" /></testsuite></testsuites>