<?xml version="1.0" encoding="utf-8"?><testsuites name="pytest tests"><testsuite name="pytest" errors="0" failures="1" skipped="0" tests="29" time="11.607" timestamp="2026-04-25T22:03:21.696415+00:00" hostname="agent-env-c6401c92-7c8f-4c58-bad4-cd6488921873"><testcase classname="backend.tests.test_feature_flags.TestClinicFeatures" name="test_get_clinic_features_returns_200" time="1.020" /><testcase classname="backend.tests.test_feature_flags.TestClinicFeatures" name="test_get_clinic_features_returns_features_array" time="0.551" /><testcase classname="backend.tests.test_feature_flags.TestClinicFeatures" name="test_get_clinic_features_returns_plan_code" time="0.502" /><testcase classname="backend.tests.test_feature_flags.TestClinicFeatures" name="test_clinic_has_professional_plan" time="0.530" /><testcase classname="backend.tests.test_feature_flags.TestClinicFeatures" name="test_clinic_has_expected_features" time="0.472" /><testcase classname="backend.tests.test_feature_flags.TestAdminPlans" name="test_list_plans_returns_200" time="0.575" /><testcase classname="backend.tests.test_feature_flags.TestAdminPlans" name="test_list_plans_returns_array" time="0.302" /><testcase classname="backend.tests.test_feature_flags.TestAdminPlans" name="test_list_plans_has_three_plans" time="0.323" /><testcase classname="backend.tests.test_feature_flags.TestAdminPlans" name="test_plans_have_required_fields" time="0.289" /><testcase classname="backend.tests.test_feature_flags.TestAdminPlans" name="test_basic_plan_exists" time="0.284" /><testcase classname="backend.tests.test_feature_flags.TestAdminPlans" name="test_professional_plan_exists" time="0.298" /><testcase classname="backend.tests.test_feature_flags.TestAdminPlans" name="test_enterprise_plan_exists" time="0.315" /><testcase classname="backend.tests.test_feature_flags.TestAdminFeatures" name="test_list_features_returns_200" time="0.323" /><testcase classname="backend.tests.test_feature_flags.TestAdminFeatures" name="test_list_features_returns_array" time="0.275" /><testcase classname="backend.tests.test_feature_flags.TestAdminFeatures" name="test_features_have_required_fields" time="0.276" /><testcase classname="backend.tests.test_feature_flags.TestAdminFeatures" name="test_expected_features_exist" time="0.263" /><testcase classname="backend.tests.test_feature_flags.TestPlanFeatures" name="test_get_plan_features_returns_200" time="0.535" /><testcase classname="backend.tests.test_feature_flags.TestPlanFeatures" name="test_get_plan_features_returns_array" time="0.546" /><testcase classname="backend.tests.test_feature_flags.TestClinicFeaturesAdmin" name="test_get_clinic_features_admin_returns_200" time="0.479" /><testcase classname="backend.tests.test_feature_flags.TestClinicFeaturesAdmin" name="test_get_clinic_features_admin_has_features" time="0.489" /><testcase classname="backend.tests.test_feature_flags.TestClinicFeaturesAdmin" name="test_get_clinic_features_admin_has_plan" time="0.469" /><testcase classname="backend.tests.test_feature_flags.TestClinicFeaturesAdmin" name="test_clinic_features_have_in_plan_flag" time="0.521" /><testcase classname="backend.tests.test_feature_flags.TestClinicFeaturesAdmin" name="test_clinic_features_have_override_field" time="0.479" /><testcase classname="backend.tests.test_feature_flags.TestChangePlan" name="test_change_plan_returns_200" time="0.317" /><testcase classname="backend.tests.test_feature_flags.TestChangePlan" name="test_change_plan_requires_plan_field" time="0.225" /><testcase classname="backend.tests.test_feature_flags.TestChangePlan" name="test_change_plan_validates_plan_code" time="0.272"><failure message="AssertionError: Expected 404, got 500&#10;assert 500 == 404&#10; +  where 500 = &lt;Response [500]&gt;.status_code">backend/tests/test_feature_flags.py:279: in test_change_plan_validates_plan_code
    assert response.status_code == 404, f"Expected 404, got {response.status_code}"
E   AssertionError: Expected 404, got 500
E   assert 500 == 404
E    +  where 500 = &lt;Response [500]&gt;.status_code</failure></testcase><testcase classname="backend.tests.test_feature_flags.TestAuthRequired" name="test_clinic_features_requires_auth" time="0.105" /><testcase classname="backend.tests.test_feature_flags.TestAuthRequired" name="test_admin_plans_requires_super_admin" time="0.233" /><testcase classname="backend.tests.test_feature_flags.TestAuthRequired" name="test_admin_features_requires_super_admin" time="0.222" /></testsuite></testsuites>