<?xml version="1.0" encoding="utf-8"?><testsuites name="pytest tests"><testsuite name="pytest" errors="0" failures="0" skipped="0" tests="31" time="24.154" timestamp="2026-04-25T22:58:17.555773+00:00" hostname="agent-env-c6401c92-7c8f-4c58-bad4-cd6488921873"><testcase classname="backend.tests.test_sales.TestFeature" name="test_sales_feature_enabled" time="0.942" /><testcase classname="backend.tests.test_sales.TestServices" name="test_create_service" time="0.264" /><testcase classname="backend.tests.test_sales.TestServices" name="test_create_service_2" time="0.284" /><testcase classname="backend.tests.test_sales.TestServices" name="test_list_services" time="0.268" /><testcase classname="backend.tests.test_sales.TestServices" name="test_update_service" time="0.540" /><testcase classname="backend.tests.test_sales.TestCashRegisters" name="test_create_register_requires_branch" time="0.208" /><testcase classname="backend.tests.test_sales.TestCashRegisters" name="test_create_register" time="0.644" /><testcase classname="backend.tests.test_sales.TestCashRegisters" name="test_list_registers" time="0.472" /><testcase classname="backend.tests.test_sales.TestCashSession" name="test_no_current_session_initially" time="0.286" /><testcase classname="backend.tests.test_sales.TestCashSession" name="test_open_session_requires_register" time="0.218" /><testcase classname="backend.tests.test_sales.TestCashSession" name="test_open_session" time="0.328" /><testcase classname="backend.tests.test_sales.TestCashSession" name="test_double_open_blocked" time="0.269" /><testcase classname="backend.tests.test_sales.TestCashSession" name="test_get_current_session" time="0.391" /><testcase classname="backend.tests.test_sales.TestSales" name="test_create_sale_cash_exact" time="1.654" /><testcase classname="backend.tests.test_sales.TestSales" name="test_create_sale_partial_pending" time="1.056" /><testcase classname="backend.tests.test_sales.TestSales" name="test_create_sale_credit_card_only" time="1.322" /><testcase classname="backend.tests.test_sales.TestSales" name="test_create_sale_mixed_cash_creditcard_transfer" time="1.088" /><testcase classname="backend.tests.test_sales.TestSales" name="test_create_sale_invalid_payment_method_card" time="5.127" /><testcase classname="backend.tests.test_sales.TestSales" name="test_create_sale_invalid_payment_method_bogus" time="0.215" /><testcase classname="backend.tests.test_sales.TestSales" name="test_create_sale_requires_items" time="0.194" /><testcase classname="backend.tests.test_sales.TestSales" name="test_get_sale_detail" time="0.417" /><testcase classname="backend.tests.test_sales.TestSales" name="test_list_sales_today" time="2.307" /><testcase classname="backend.tests.test_sales.TestSales" name="test_daily_summary" time="0.332" /><testcase classname="backend.tests.test_sales.TestSales" name="test_cancel_sale" time="0.767" /><testcase classname="backend.tests.test_sales.TestSales" name="test_cancel_already_cancelled" time="0.267" /><testcase classname="backend.tests.test_sales.TestSales" name="test_pdf_url" time="2.432" /><testcase classname="backend.tests.test_sales.TestCloseSession" name="test_summary" time="0.381" /><testcase classname="backend.tests.test_sales.TestCloseSession" name="test_close_session" time="0.789" /><testcase classname="backend.tests.test_sales.TestCloseSession" name="test_close_session_already_closed" time="0.262" /><testcase classname="backend.tests.test_sales.TestCloseSession" name="test_current_after_close" time="0.260" /><testcase classname="backend.tests.test_sales.TestAuth" name="test_requires_auth" time="0.097" /></testsuite></testsuites>