<?xml version="1.0" encoding="utf-8"?><testsuites name="pytest tests"><testsuite name="pytest" errors="0" failures="1" skipped="0" tests="18" time="30.474" timestamp="2026-04-17T03:03:00.830533+00:00" hostname="agent-env-c6401c92-7c8f-4c58-bad4-cd6488921873"><testcase classname="backend.tests.test_prescriptions.TestPrescriptionsModule" name="test_medication_search_returns_results" time="1.287" /><testcase classname="backend.tests.test_prescriptions.TestPrescriptionsModule" name="test_medication_search_empty_query" time="1.035" /><testcase classname="backend.tests.test_prescriptions.TestPrescriptionsModule" name="test_medication_search_short_query" time="1.041" /><testcase classname="backend.tests.test_prescriptions.TestPrescriptionsModule" name="test_patient_search_returns_results" time="1.062" /><testcase classname="backend.tests.test_prescriptions.TestPrescriptionsModule" name="test_list_prescriptions" time="1.200" /><testcase classname="backend.tests.test_prescriptions.TestPrescriptionsModule" name="test_list_prescriptions_filter_by_status" time="1.227" /><testcase classname="backend.tests.test_prescriptions.TestPrescriptionsModule" name="test_list_prescriptions_filter_by_patient" time="1.139" /><testcase classname="backend.tests.test_prescriptions.TestPrescriptionsModule" name="test_get_prescription_by_id" time="1.189" /><testcase classname="backend.tests.test_prescriptions.TestPrescriptionsModule" name="test_get_prescription_not_found" time="1.026"><failure message="AssertionError: Expected 404, got 500&#10;assert 500 == 404&#10; +  where 500 = &lt;Response [500]&gt;.status_code">backend/tests/test_prescriptions.py:169: in test_get_prescription_not_found
    assert response.status_code == 404, f"Expected 404, got {response.status_code}"
E   AssertionError: Expected 404, got 500
E   assert 500 == 404
E    +  where 500 = &lt;Response [500]&gt;.status_code</failure></testcase><testcase classname="backend.tests.test_prescriptions.TestPrescriptionsModule" name="test_create_prescription_draft" time="1.653" /><testcase classname="backend.tests.test_prescriptions.TestPrescriptionsModule" name="test_create_prescription_issued_generates_pdf" time="2.584" /><testcase classname="backend.tests.test_prescriptions.TestPrescriptionsModule" name="test_create_prescription_without_patient_fails" time="1.293" /><testcase classname="backend.tests.test_prescriptions.TestPrescriptionsModule" name="test_update_draft_prescription" time="2.485" /><testcase classname="backend.tests.test_prescriptions.TestPrescriptionsModule" name="test_update_draft_to_issued" time="3.302" /><testcase classname="backend.tests.test_prescriptions.TestPrescriptionsModule" name="test_cannot_update_issued_prescription" time="1.704" /><testcase classname="backend.tests.test_prescriptions.TestPrescriptionsModule" name="test_get_pdf_url_for_issued_prescription" time="1.833" /><testcase classname="backend.tests.test_prescriptions.TestPrescriptionsModule" name="test_mark_prescription_sent_whatsapp" time="3.139" /><testcase classname="backend.tests.test_prescriptions.TestPrescriptionsModule" name="test_create_clinic_medication" time="2.152" /></testsuite></testsuites>