<?xml version="1.0" encoding="utf-8"?><testsuites name="pytest tests"><testsuite name="pytest" errors="0" failures="0" skipped="0" tests="10" time="9.531" timestamp="2026-04-17T02:47:03.419849+00:00" hostname="agent-env-c6401c92-7c8f-4c58-bad4-cd6488921873"><testcase classname="backend.tests.test_consultation_templates.TestConsultationTemplates" name="test_01_get_templates_returns_10_global_templates" time="0.973" /><testcase classname="backend.tests.test_consultation_templates.TestConsultationTemplates" name="test_02_templates_have_correct_categories" time="0.749" /><testcase classname="backend.tests.test_consultation_templates.TestConsultationTemplates" name="test_03_consulta_general_adulto_template_structure" time="0.729" /><testcase classname="backend.tests.test_consultation_templates.TestConsultationTemplates" name="test_04_control_diabetes_template_has_diagnosis_e11" time="0.760" /><testcase classname="backend.tests.test_consultation_templates.TestConsultationTemplates" name="test_05_control_hipertension_template_has_diagnosis_i10" time="0.700" /><testcase classname="backend.tests.test_consultation_templates.TestConsultationTemplates" name="test_06_create_clinic_specific_template" time="1.047" /><testcase classname="backend.tests.test_consultation_templates.TestConsultationTemplates" name="test_07_clinic_template_appears_in_list" time="1.477" /><testcase classname="backend.tests.test_consultation_templates.TestConsultationTemplates" name="test_08_delete_clinic_template" time="1.335" /><testcase classname="backend.tests.test_consultation_templates.TestConsultationTemplates" name="test_09_cannot_delete_global_template" time="0.992" /><testcase classname="backend.tests.test_consultation_templates.TestConsultationTemplates" name="test_10_all_10_expected_templates_exist" time="0.676" /></testsuite></testsuites>