<?xml version="1.0" encoding="utf-8"?><testsuites name="pytest tests"><testsuite name="pytest" errors="0" failures="0" skipped="0" tests="17" time="13.795" timestamp="2026-04-25T23:47:34.722522+00:00" hostname="agent-env-c6401c92-7c8f-4c58-bad4-cd6488921873"><testcase classname="backend.tests.test_commissions.TestFeature" name="test_commissions_feature_enabled" time="0.956" /><testcase classname="backend.tests.test_commissions.TestSettingsCRUD" name="test_create_rule_invalid_applies_to" time="0.652" /><testcase classname="backend.tests.test_commissions.TestSettingsCRUD" name="test_create_rule_invalid_calc_type" time="0.206" /><testcase classname="backend.tests.test_commissions.TestSettingsCRUD" name="test_create_rule_service_without_service_id" time="0.203" /><testcase classname="backend.tests.test_commissions.TestSettingsCRUD" name="test_create_rule_product_without_product_id" time="0.199" /><testcase classname="backend.tests.test_commissions.TestSettingsCRUD" name="test_create_rule_all_consultations_30pct" time="1.172" /><testcase classname="backend.tests.test_commissions.TestSettingsCRUD" name="test_list_settings_has_doctor_name" time="0.319" /><testcase classname="backend.tests.test_commissions.TestSettingsCRUD" name="test_toggle_active_via_put" time="0.802" /><testcase classname="backend.tests.test_commissions.TestAutoCalc" name="test_sale_with_doctor_creates_commission" time="4.070" /><testcase classname="backend.tests.test_commissions.TestAutoCalc" name="test_sale_without_doctor_no_commission" time="2.063" /><testcase classname="backend.tests.test_commissions.TestDashboard" name="test_dashboard_totals" time="0.334" /><testcase classname="backend.tests.test_commissions.TestPay" name="test_pay_commission" time="0.304" /><testcase classname="backend.tests.test_commissions.TestPay" name="test_double_pay_rejected" time="0.261" /><testcase classname="backend.tests.test_commissions.TestPay" name="test_pay_empty_ids" time="0.212" /><testcase classname="backend.tests.test_commissions.TestPay" name="test_paid_visible_after" time="0.583" /><testcase classname="backend.tests.test_commissions.TestReportPDF" name="test_pdf_url_returned" time="1.103" /><testcase classname="backend.tests.test_commissions.TestZCleanup" name="test_delete_rule_clinic_admin" time="0.268" /></testsuite></testsuites>