<?xml version="1.0" encoding="utf-8"?><testsuites name="pytest tests"><testsuite name="pytest" errors="0" failures="2" skipped="0" tests="24" time="10.927" timestamp="2026-04-25T22:27:08.106968+00:00" hostname="agent-env-c6401c92-7c8f-4c58-bad4-cd6488921873"><testcase classname="backend.tests.test_inventory.TestFeatureFlag" name="test_inventory_feature_enabled" time="1.054" /><testcase classname="backend.tests.test_inventory.TestCategories" name="test_list_categories" time="0.284" /><testcase classname="backend.tests.test_inventory.TestCategories" name="test_create_category" time="0.621" /><testcase classname="backend.tests.test_inventory.TestProducts" name="test_list_products" time="0.311" /><testcase classname="backend.tests.test_inventory.TestProducts" name="test_create_product" time="0.260" /><testcase classname="backend.tests.test_inventory.TestProducts" name="test_get_product_in_list" time="0.306" /><testcase classname="backend.tests.test_inventory.TestProducts" name="test_update_product" time="0.631" /><testcase classname="backend.tests.test_inventory.TestProducts" name="test_search_products" time="0.247" /><testcase classname="backend.tests.test_inventory.TestStock" name="test_list_stock" time="0.254" /><testcase classname="backend.tests.test_inventory.TestStock" name="test_list_stock_filter_branch" time="0.686" /><testcase classname="backend.tests.test_inventory.TestStock" name="test_adjust_stock" time="0.272"><failure message="AssertionError: {&quot;detail&quot;:&quot;Error&quot;}&#10;assert 500 == 200&#10; +  where 500 = &lt;Response [500]&gt;.status_code">backend/tests/test_inventory.py:177: in test_adjust_stock
    assert r.status_code == 200, r.text
E   AssertionError: {"detail":"Error"}
E   assert 500 == 200
E    +  where 500 = &lt;Response [500]&gt;.status_code</failure></testcase><testcase classname="backend.tests.test_inventory.TestStock" name="test_alerts_structure" time="0.528" /><testcase classname="backend.tests.test_inventory.TestMovements" name="test_list_movements" time="0.283" /><testcase classname="backend.tests.test_inventory.TestMovements" name="test_filter_by_type_adjustment" time="0.290" /><testcase classname="backend.tests.test_inventory.TestMovements" name="test_filter_by_branch" time="0.266" /><testcase classname="backend.tests.test_inventory.TestSuppliers" name="test_list_suppliers" time="0.250" /><testcase classname="backend.tests.test_inventory.TestSuppliers" name="test_create_supplier" time="0.272" /><testcase classname="backend.tests.test_inventory.TestSuppliers" name="test_supplier_in_list" time="0.248" /><testcase classname="backend.tests.test_inventory.TestSuppliers" name="test_update_supplier" time="0.526" /><testcase classname="backend.tests.test_inventory.TestPurchaseOrders" name="test_create_pending_po_no_stock_change" time="0.870" /><testcase classname="backend.tests.test_inventory.TestPurchaseOrders" name="test_create_received_po_increases_stock" time="1.252"><failure message="AssertionError: Stock not increased: 0 + 7 != 14&#10;assert 14 == (0 + 7)">backend/tests/test_inventory.py:347: in test_create_received_po_increases_stock
    assert after == before + qty, f"Stock not increased: {before} + {qty} != {after}"
E   AssertionError: Stock not increased: 0 + 7 != 14
E   assert 14 == (0 + 7)</failure></testcase><testcase classname="backend.tests.test_inventory.TestPurchaseOrders" name="test_list_purchase_orders" time="0.632" /><testcase classname="backend.tests.test_inventory.TestPurchaseOrders" name="test_filter_purchase_orders_by_status" time="0.368" /><testcase classname="backend.tests.test_inventory.TestAuth" name="test_inventory_requires_auth" time="0.116" /></testsuite></testsuites>