<?xml version="1.0" encoding="utf-8"?><testsuites name="pytest tests"><testsuite name="pytest" errors="0" failures="0" skipped="0" tests="13" time="27.435" timestamp="2026-09-24T20:45:12.072109+00:00" hostname="agent-env-c6401c92-7c8f-4c58-bad4-cd6488921873"><testcase classname="backend.tests.test_whatsapp_reminders" name="test_whatsapp_reminders_default_structure" time="1.677" /><testcase classname="backend.tests.test_whatsapp_reminders" name="test_whatsapp_reminders_window_cap_168" time="0.309" /><testcase classname="backend.tests.test_whatsapp_reminders" name="test_whatsapp_reminders_window_168" time="0.437" /><testcase classname="backend.tests.test_whatsapp_reminders" name="test_no_auth_get_returns_401_or_403" time="0.150" /><testcase classname="backend.tests.test_whatsapp_reminders" name="test_no_auth_post_sent_returns_401_or_403" time="0.132" /><testcase classname="backend.tests.test_whatsapp_reminders" name="test_appointment_appears_with_correct_message_and_wa_url" time="6.164" /><testcase classname="backend.tests.test_whatsapp_reminders" name="test_patient_without_phone_not_listed_and_skipped_incremented" time="4.161" /><testcase classname="backend.tests.test_whatsapp_reminders" name="test_mark_sent_removes_from_list_and_include_sent_shows" time="4.419" /><testcase classname="backend.tests.test_whatsapp_reminders" name="test_reset_reminder_makes_it_reappear" time="4.380" /><testcase classname="backend.tests.test_whatsapp_reminders" name="test_mark_sent_nonexistent_appointment_returns_404" time="0.357" /><testcase classname="backend.tests.test_whatsapp_reminders" name="test_mark_sent_other_clinic_returns_404" time="0.350" /><testcase classname="backend.tests.test_whatsapp_reminders" name="test_cancelled_appointment_not_in_list" time="3.247" /><testcase classname="backend.tests.test_whatsapp_reminders" name="test_user_guide_pdf_regression" time="1.542" /></testsuite></testsuites>